\BOOKMARK [1][-]{section.1}{Introduction}{}% 1
\BOOKMARK [1][-]{section.2}{Related Work}{}% 2
\BOOKMARK [1][-]{section.3}{Dataset and Features}{}% 3
\BOOKMARK [2][-]{subsection.3.1}{Visualization}{section.3}% 4
\BOOKMARK [2][-]{subsection.3.2}{Data Augmentation}{section.3}% 5
\BOOKMARK [2][-]{subsection.3.3}{Calibration and Normalization}{section.3}% 6
\BOOKMARK [2][-]{subsection.3.4}{Data Interpolation and Re-sampling}{section.3}% 7
\BOOKMARK [2][-]{subsection.3.5}{Denoising Autoencoder}{section.3}% 8
\BOOKMARK [1][-]{section.4}{Methods}{}% 9
\BOOKMARK [2][-]{subsection.4.1}{K Nearest Neighbors \(KNN\)}{section.4}% 10
\BOOKMARK [2][-]{subsection.4.2}{Support Vector Machine \(SVM\)}{section.4}% 11
\BOOKMARK [2][-]{subsection.4.3}{Convolutional Neural Network \(CNN\)}{section.4}% 12
\BOOKMARK [2][-]{subsection.4.4}{Recurrent Neural Network \(RNN\)}{section.4}% 13
\BOOKMARK [1][-]{section.5}{Experiments}{}% 14
\BOOKMARK [2][-]{subsection.5.1}{Splitting Data for Training and Testing}{section.5}% 15
\BOOKMARK [2][-]{subsection.5.2}{Data Preprocessing}{section.5}% 16
\BOOKMARK [3][-]{subsubsection.5.2.1}{Interpolation and Re-sampling}{subsection.5.2}% 17
\BOOKMARK [3][-]{subsubsection.5.2.2}{Data Augmentation}{subsection.5.2}% 18
\BOOKMARK [3][-]{subsubsection.5.2.3}{Denoising Autoencoder}{subsection.5.2}% 19
\BOOKMARK [2][-]{subsection.5.3}{Baseline Models}{section.5}% 20
\BOOKMARK [2][-]{subsection.5.4}{CNN}{section.5}% 21
\BOOKMARK [2][-]{subsection.5.5}{RNN}{section.5}% 22
\BOOKMARK [2][-]{subsection.5.6}{Ablation Study}{section.5}% 23
\BOOKMARK [3][-]{subsubsection.5.6.1}{Data Augmentation}{subsection.5.6}% 24
\BOOKMARK [3][-]{subsubsection.5.6.2}{Data Denoising}{subsection.5.6}% 25
\BOOKMARK [2][-]{subsection.5.7}{Overall Performance and Discussion}{section.5}% 26
\BOOKMARK [1][-]{section.6}{Conclusion, Future Work}{}% 27
\BOOKMARK [1][-]{section.7}{Contribution}{}% 28
