True
train_subjects ['chen', 'daniel', 'wenzhou_12_5', 'isa_12_5', 'joanne', 'russell_random_12_7', 'russell_11_7', 'yiheng_12_5', 'solomon', 'zhaoye', 'jq_12_6', 'yiheng_11_30', 'janet', 'kelly_11_7', 'russell_11_20_stand', 'ruocheng', 'kevin_11_7']
dev_subjects ['haobin_11_22', 'canon_12_5']
test_subjects ['yongxu_11_30', 'albert']
Processing chen
Processing daniel
Processing wenzhou_12_5
Processing isa_12_5
Processing joanne
Processing russell_random_12_7
Processing russell_11_7
Processing yiheng_12_5
Processing solomon
Processing zhaoye
Processing jq_12_6
Processing yiheng_11_30
Processing janet
Processing kelly_11_7
Processing russell_11_20_stand
Processing ruocheng
Processing kevin_11_7
Processing haobin_11_22
Processing canon_12_5
Processing yongxu_11_30
Processing albert
Augmenting TRAIN set with proportion 3
(33280, 100, 3) (1060, 100, 3) (1021, 100, 3) (33280,) (1060,) (1021,)
33280 100 3
0....................20....................40....................60.......
Epoch 0 trainacc=0.0390625 devacc=0.03773584905660377
0....................20....................40....................60.......
Epoch 1 trainacc=0.05979567307692308 devacc=0.031132075471698113
0....................20....................40....................60.......
Epoch 2 trainacc=0.07884615384615384 devacc=0.029245283018867925
0....................20....................40....................60.......
Epoch 3 trainacc=0.11814903846153846 devacc=0.06509433962264151
0....................20....................40....................60.......
Epoch 4 trainacc=0.14918870192307693 devacc=0.0820754716981132
0....................20....................40....................60.......
Epoch 5 trainacc=0.19329927884615383 devacc=0.08867924528301886
0....................20....................40....................60.......
Epoch 6 trainacc=0.2286358173076923 devacc=0.08867924528301886
0....................20....................40....................60.......
Epoch 7 trainacc=0.25988581730769234 devacc=0.1169811320754717
0....................20....................40....................60.......
Epoch 8 trainacc=0.27388822115384615 devacc=0.12547169811320755
0....................20....................40....................60.......
Epoch 9 trainacc=0.3078125 devacc=0.11226415094339623
0....................20....................40....................60.......
Epoch 10 trainacc=0.3275540865384615 devacc=0.14339622641509434
0....................20....................40....................60.......
Epoch 11 trainacc=0.3446814903846154 devacc=0.12830188679245283
0....................20....................40....................60.......
Epoch 12 trainacc=0.36950120192307695 devacc=0.1311320754716981
0....................20....................40....................60.......
Epoch 13 trainacc=0.36868990384615385 devacc=0.1481132075471698
0....................20....................40....................60.......
Epoch 14 trainacc=0.40033052884615383 devacc=0.14339622641509434
0....................20....................40....................60.......
Epoch 15 trainacc=0.4096153846153846 devacc=0.1641509433962264
0....................20....................40....................60.......
Epoch 16 trainacc=0.43173076923076925 devacc=0.1632075471698113
0....................20....................40....................60.......
Epoch 17 trainacc=0.4466947115384615 devacc=0.17735849056603772
0....................20....................40....................60.......
Epoch 18 trainacc=0.4618088942307692 devacc=0.16792452830188678
0....................20....................40....................60.......
Epoch 19 trainacc=0.46634615384615385 devacc=0.17264150943396225
0....................20....................40....................60.......
Epoch 20 trainacc=0.48452524038461536 devacc=0.1641509433962264
0....................20....................40....................60.......
Epoch 21 trainacc=0.5033353365384615 devacc=0.17075471698113207
0....................20....................40....................60.......
Epoch 22 trainacc=0.5147836538461539 devacc=0.17830188679245282
0....................20....................40....................60.......
Epoch 23 trainacc=0.5176682692307693 devacc=0.1820754716981132
0....................20....................40....................60.......
Epoch 24 trainacc=0.5321814903846154 devacc=0.17641509433962263
0....................20....................40....................60.......
Epoch 25 trainacc=0.5308894230769231 devacc=0.17264150943396225
0....................20....................40....................60.......
Epoch 26 trainacc=0.545703125 devacc=0.16886792452830188
0....................20....................40....................60.......
Epoch 27 trainacc=0.5562800480769231 devacc=0.1792452830188679
0....................20....................40....................60.......
Epoch 28 trainacc=0.5712139423076923 devacc=0.19150943396226416
0....................20....................40....................60.......
Epoch 29 trainacc=0.583173076923077 devacc=0.17735849056603772
0....................20....................40....................60.......
Epoch 30 trainacc=0.5838341346153846 devacc=0.17452830188679244
0....................20....................40....................60.......
Epoch 31 trainacc=0.5977163461538462 devacc=0.19245283018867926
0....................20....................40....................60.......
Epoch 32 trainacc=0.6054387019230769 devacc=0.18962264150943398
0....................20....................40....................60.......
Epoch 33 trainacc=0.6121694711538461 devacc=0.19811320754716982
0....................20....................40....................60.......
Epoch 34 trainacc=0.6220252403846154 devacc=0.19622641509433963
0....................20....................40....................60.......
Epoch 35 trainacc=0.6327824519230769 devacc=0.19622641509433963
0....................20....................40....................60.......
Epoch 36 trainacc=0.6373798076923077 devacc=0.2009433962264151
0....................20....................40....................60.......
Epoch 37 trainacc=0.6420673076923077 devacc=0.19056603773584907
0....................20....................40....................60.......
Epoch 38 trainacc=0.6568509615384616 devacc=0.19433962264150945
0....................20....................40....................60.......
Epoch 39 trainacc=0.657391826923077 devacc=0.19433962264150945
0....................20....................40....................60.......
Epoch 40 trainacc=0.6489182692307692 devacc=0.18867924528301888
0....................20....................40....................60.......
Epoch 41 trainacc=0.6682992788461538 devacc=0.1830188679245283
0....................20....................40....................60.......
Epoch 42 trainacc=0.6733473557692308 devacc=0.19433962264150945
0....................20....................40....................60.......
Epoch 43 trainacc=0.6801983173076923 devacc=0.20849056603773586
0....................20....................40....................60.......
Epoch 44 trainacc=0.6857872596153847 devacc=0.19622641509433963
0....................20....................40....................60.......
Epoch 45 trainacc=0.6865384615384615 devacc=0.2
0....................20....................40....................60.......
Epoch 46 trainacc=0.6917067307692307 devacc=0.2018867924528302
0....................20....................40....................60.......
Epoch 47 trainacc=0.6972355769230769 devacc=0.2028301886792453
0....................20....................40....................60.......
Epoch 48 trainacc=0.7045973557692308 devacc=0.19245283018867926
0....................20....................40....................60.......
Epoch 49 trainacc=0.7106370192307693 devacc=0.20566037735849058
0....................20....................40....................60.......
Epoch 50 trainacc=0.7039663461538461 devacc=0.21132075471698114
0....................20....................40....................60.......
Epoch 51 trainacc=0.7211538461538461 devacc=0.19905660377358492
0....................20....................40....................60.......
Epoch 52 trainacc=0.72578125 devacc=0.20943396226415095
0....................20....................40....................60.......
Epoch 53 trainacc=0.7289663461538461 devacc=0.21132075471698114
0....................20....................40....................60.......
Epoch 54 trainacc=0.7410757211538461 devacc=0.21037735849056605
0....................20....................40....................60.......
Epoch 55 trainacc=0.739423076923077 devacc=0.20471698113207548
0....................20....................40....................60.......
Epoch 56 trainacc=0.7405348557692307 devacc=0.22547169811320755
0....................20....................40....................60.......
Epoch 57 trainacc=0.7416165865384615 devacc=0.21132075471698114
0....................20....................40....................60.......
Epoch 58 trainacc=0.7522235576923076 devacc=0.19716981132075473
0....................20....................40....................60.......
Epoch 59 trainacc=0.7542367788461538 devacc=0.20471698113207548
0....................20....................40....................60.......
Epoch 60 trainacc=0.7592247596153846 devacc=0.2188679245283019
0....................20....................40....................60.......
Epoch 61 trainacc=0.760546875 devacc=0.219811320754717
0....................20....................40....................60.......
Epoch 62 trainacc=0.7711538461538462 devacc=0.22169811320754718
0....................20....................40....................60.......
Epoch 63 trainacc=0.7655048076923077 devacc=0.22075471698113208
0....................20....................40....................60.......
Epoch 64 trainacc=0.771484375 devacc=0.2169811320754717
0....................20....................40....................60.......
Epoch 65 trainacc=0.7777644230769231 devacc=0.21226415094339623
0....................20....................40....................60.......
Epoch 66 trainacc=0.7869591346153846 devacc=0.22075471698113208
0....................20....................40....................60.......
Epoch 67 trainacc=0.7821814903846154 devacc=0.22075471698113208
0....................20....................40....................60.......
Epoch 68 trainacc=0.7868990384615384 devacc=0.2179245283018868
0....................20....................40....................60.......
Epoch 69 trainacc=0.7859975961538461 devacc=0.2320754716981132
0....................20....................40....................60.......
Epoch 70 trainacc=0.7775240384615385 devacc=0.23867924528301887
0....................20....................40....................60.......
Epoch 71 trainacc=0.7990685096153847 devacc=0.2320754716981132
0....................20....................40....................60.......
Epoch 72 trainacc=0.7889723557692307 devacc=0.22830188679245284
0....................20....................40....................60.......
Epoch 73 trainacc=0.7977163461538461 devacc=0.22169811320754718
0....................20....................40....................60.......
Epoch 74 trainacc=0.8079026442307692 devacc=0.2330188679245283
0....................20....................40....................60.......
Epoch 75 trainacc=0.8 devacc=0.219811320754717
0....................20....................40....................60.......
Epoch 76 trainacc=0.7992788461538461 devacc=0.21226415094339623
0....................20....................40....................60.......
Epoch 77 trainacc=0.8109975961538461 devacc=0.23113207547169812
0....................20....................40....................60.......
Epoch 78 trainacc=0.7872295673076923 devacc=0.24716981132075472
0....................20....................40....................60.......
Epoch 79 trainacc=0.8154146634615385 devacc=0.22075471698113208
0....................20....................40....................60.......
Epoch 80 trainacc=0.8205528846153847 devacc=0.2188679245283019
0....................20....................40....................60.......
Epoch 81 trainacc=0.8237680288461539 devacc=0.22735849056603774
0....................20....................40....................60.......
Epoch 82 trainacc=0.8202824519230769 devacc=0.2330188679245283
0....................20....................40....................60.......
Epoch 83 trainacc=0.8293870192307692 devacc=0.23018867924528302
0....................20....................40....................60.......
Epoch 84 trainacc=0.8329627403846154 devacc=0.22169811320754718
0....................20....................40....................60.......
Epoch 85 trainacc=0.8354567307692308 devacc=0.23018867924528302
0....................20....................40....................60.......
Epoch 86 trainacc=0.8392728365384615 devacc=0.22641509433962265
0....................20....................40....................60.......
Epoch 87 trainacc=0.8365685096153846 devacc=0.22075471698113208
0....................20....................40....................60.......
Epoch 88 trainacc=0.8420372596153847 devacc=0.2188679245283019
0....................20....................40....................60.......
Epoch 89 trainacc=0.8435396634615384 devacc=0.22924528301886793
0....................20....................40....................60.......
Epoch 90 trainacc=0.8457932692307693 devacc=0.2330188679245283
0....................20....................40....................60.......
Epoch 91 trainacc=0.8442307692307692 devacc=0.21509433962264152
0....................20....................40....................60.......
Epoch 92 trainacc=0.8499098557692307 devacc=0.23018867924528302
0....................20....................40....................60.......
Epoch 93 trainacc=0.854326923076923 devacc=0.22169811320754718
0....................20....................40....................60.......
Epoch 94 trainacc=0.846875 devacc=0.22264150943396227
0....................20....................40....................60.......
Epoch 95 trainacc=0.843359375 devacc=0.2330188679245283
0....................20....................40....................60.......
Epoch 96 trainacc=0.8521935096153846 devacc=0.2339622641509434
0....................20....................40....................60.......
Epoch 97 trainacc=0.858984375 devacc=0.22264150943396227
0....................20....................40....................60.......
Epoch 98 trainacc=0.8615384615384616 devacc=0.2339622641509434
0....................20....................40....................60.......
Epoch 99 trainacc=0.8609975961538462 devacc=0.21226415094339623
0....................20....................40....................60.......
Epoch 100 trainacc=0.8633713942307693 devacc=0.23018867924528302
0....................20....................40....................60.......
Epoch 101 trainacc=0.8721754807692308 devacc=0.2339622641509434
0....................20....................40....................60.......
Epoch 102 trainacc=0.86796875 devacc=0.22641509433962265
0....................20....................40....................60.......
Epoch 103 trainacc=0.8731670673076923 devacc=0.22830188679245284
0....................20....................40....................60.......
Epoch 104 trainacc=0.8708233173076924 devacc=0.22547169811320755
0....................20....................40....................60.......
Epoch 105 trainacc=0.8695612980769231 devacc=0.23773584905660378
0....................20....................40....................60.......
Epoch 106 trainacc=0.8640024038461539 devacc=0.22075471698113208
0....................20....................40....................60.......
Epoch 107 trainacc=0.8808293269230769 devacc=0.22547169811320755
0....................20....................40....................60.......
Epoch 108 trainacc=0.8758413461538461 devacc=0.21132075471698114
0....................20....................40....................60.......
Epoch 109 trainacc=0.8767427884615384 devacc=0.22830188679245284
0....................20....................40....................60.......
Epoch 110 trainacc=0.878125 devacc=0.22264150943396227
0....................20....................40....................60.......
Epoch 111 trainacc=0.8822115384615384 devacc=0.22075471698113208
0....................20....................40....................60.......
Epoch 112 trainacc=0.8847956730769231 devacc=0.2358490566037736
0....................20....................40....................60.......
Epoch 113 trainacc=0.8870793269230769 devacc=0.22830188679245284
0....................20....................40....................60.......
Epoch 114 trainacc=0.8912259615384616 devacc=0.23113207547169812
0....................20....................40....................60.......
Epoch 115 trainacc=0.8834735576923077 devacc=0.22924528301886793
0....................20....................40....................60.......
Epoch 116 trainacc=0.8967548076923076 devacc=0.2179245283018868
0....................20....................40....................60.......
Epoch 117 trainacc=0.8890324519230769 devacc=0.22264150943396227
0....................20....................40....................60.......
Epoch 118 trainacc=0.8946814903846154 devacc=0.23962264150943396
0....................20....................40....................60.......
Epoch 119 trainacc=0.8988882211538461 devacc=0.2358490566037736
0....................20....................40....................60.......
Epoch 120 trainacc=0.8991586538461539 devacc=0.2320754716981132
0....................20....................40....................60.......
Epoch 121 trainacc=0.8970252403846154 devacc=0.2339622641509434
0....................20....................40....................60.......
Epoch 122 trainacc=0.8948317307692307 devacc=0.22641509433962265
0....................20....................40....................60.......
Epoch 123 trainacc=0.9015024038461539 devacc=0.22830188679245284
0....................20....................40....................60.......
Epoch 124 trainacc=0.8965745192307693 devacc=0.24245283018867925
0....................20....................40....................60.......
Epoch 125 trainacc=0.8970552884615385 devacc=0.2330188679245283
0....................20....................40....................60.......
Epoch 126 trainacc=0.9036658653846154 devacc=0.22641509433962265
0....................20....................40....................60.......
Epoch 127 trainacc=0.8932992788461539 devacc=0.23018867924528302
0....................20....................40....................60.......
Epoch 128 trainacc=0.9087740384615385 devacc=0.22547169811320755
0....................20....................40....................60.......
Epoch 129 trainacc=0.9142127403846154 devacc=0.23113207547169812
0....................20....................40....................60.......
Epoch 130 trainacc=0.9048076923076923 devacc=0.20754716981132076
0....................20....................40....................60.......
Epoch 131 trainacc=0.906640625 devacc=0.22641509433962265
0....................20....................40....................60.......
Epoch 132 trainacc=0.9146033653846154 devacc=0.22924528301886793
0....................20....................40....................60.......
Epoch 133 trainacc=0.913671875 devacc=0.23773584905660378
0....................20....................40....................60.......
Epoch 134 trainacc=0.9067908653846154 devacc=0.22830188679245284
0....................20....................40....................60.......
Epoch 135 trainacc=0.9105168269230769 devacc=0.2188679245283019
0....................20....................40....................60.......
Epoch 136 trainacc=0.9159855769230769 devacc=0.24056603773584906
0....................20....................40....................60.......
Epoch 137 trainacc=0.9197716346153846 devacc=0.2179245283018868
0....................20....................40....................60.......
Epoch 138 trainacc=0.9228064903846154 devacc=0.23679245283018868
0....................20....................40....................60.......
Epoch 139 trainacc=0.9142127403846154 devacc=0.23113207547169812
0....................20....................40....................60.......
Epoch 140 trainacc=0.9188401442307692 devacc=0.22358490566037736
0....................20....................40....................60.......
Epoch 141 trainacc=0.9272536057692308 devacc=0.23113207547169812
0....................20....................40....................60.......
Epoch 142 trainacc=0.9282752403846154 devacc=0.22924528301886793
0....................20....................40....................60.......
Epoch 143 trainacc=0.9168870192307692 devacc=0.23773584905660378
0....................20....................40....................60.......
Epoch 144 trainacc=0.9325721153846154 devacc=0.2339622641509434
0....................20....................40....................60.......
Epoch 145 trainacc=0.9289362980769231 devacc=0.23679245283018868
0....................20....................40....................60.......
Epoch 146 trainacc=0.9123197115384616 devacc=0.20943396226415095
0....................20....................40....................60.......
Epoch 147 trainacc=0.9279747596153847 devacc=0.2339622641509434
0....................20....................40....................60.......
Epoch 148 trainacc=0.93203125 devacc=0.21415094339622642
0....................20....................40....................60.......
Epoch 149 trainacc=0.9331430288461539 devacc=0.2339622641509434
0....................20....................40....................60.......
Epoch 150 trainacc=0.9358774038461538 devacc=0.2339622641509434
0....................20....................40....................60.......
Epoch 151 trainacc=0.9338341346153847 devacc=0.23679245283018868
0....................20....................40....................60.......
Epoch 152 trainacc=0.9356670673076923 devacc=0.219811320754717
0....................20....................40....................60.......
Epoch 153 trainacc=0.9189002403846154 devacc=0.22830188679245284
0....................20....................40....................60.......
Epoch 154 trainacc=0.9349459134615384 devacc=0.23773584905660378
0....................20....................40....................60.......
Epoch 155 trainacc=0.9335637019230769 devacc=0.22735849056603774
0....................20....................40....................60.......
Epoch 156 trainacc=0.9408653846153846 devacc=0.23113207547169812
0....................20....................40....................60.......
Epoch 157 trainacc=0.9342848557692308 devacc=0.23962264150943396
0....................20....................40....................60.......
Epoch 158 trainacc=0.9405649038461539 devacc=0.2330188679245283
0....................20....................40....................60.......
Epoch 159 trainacc=0.9453725961538462 devacc=0.2349056603773585
0....................20....................40....................60.......
Epoch 160 trainacc=0.9402043269230769 devacc=0.22830188679245284
0....................20....................40....................60.......
Epoch 161 trainacc=0.9405348557692308 devacc=0.23962264150943396
0....................20....................40....................60.......
Epoch 162 trainacc=0.9452824519230769 devacc=0.2179245283018868
0....................20....................40....................60.......
Epoch 163 trainacc=0.9361478365384616 devacc=0.2188679245283019
0....................20....................40....................60.......
Epoch 164 trainacc=0.9420973557692308 devacc=0.2320754716981132
0....................20....................40....................60.......
Epoch 165 trainacc=0.9403545673076923 devacc=0.23773584905660378
0....................20....................40....................60.......
Epoch 166 trainacc=0.9463641826923077 devacc=0.23679245283018868
0....................20....................40....................60.......
Epoch 167 trainacc=0.942548076923077 devacc=0.2330188679245283
0....................20....................40....................60.......
Epoch 168 trainacc=0.9493088942307693 devacc=0.23113207547169812
0....................20....................40....................60.......
Epoch 169 trainacc=0.9501802884615385 devacc=0.2330188679245283
0....................20....................40....................60.......
Epoch 170 trainacc=0.9472355769230769 devacc=0.23679245283018868
0....................20....................40....................60.......
Epoch 171 trainacc=0.9419471153846154 devacc=0.24339622641509434
0....................20....................40....................60.......
Epoch 172 trainacc=0.952734375 devacc=0.22830188679245284
0....................20....................40....................60.......
Epoch 173 trainacc=0.9442007211538461 devacc=0.24339622641509434
0....................20....................40....................60.......
Epoch 174 trainacc=0.9516526442307692 devacc=0.23679245283018868
0....................20....................40....................60.......
Epoch 175 trainacc=0.9498197115384616 devacc=0.24150943396226415
0....................20....................40....................60.......
Epoch 176 trainacc=0.9483473557692308 devacc=0.2509433962264151
0....................20....................40....................60.......
Epoch 177 trainacc=0.9460336538461539 devacc=0.23018867924528302
0....................20....................40....................60.......
Epoch 178 trainacc=0.9506610576923077 devacc=0.24245283018867925
0....................20....................40....................60.......
Epoch 179 trainacc=0.9560096153846154 devacc=0.23018867924528302
0....................20....................40....................60.......
Epoch 180 trainacc=0.9565204326923077 devacc=0.23018867924528302
0....................20....................40....................60.......
Epoch 181 trainacc=0.955889423076923 devacc=0.23679245283018868
0....................20....................40....................60.......
Epoch 182 trainacc=0.9553485576923076 devacc=0.24339622641509434
0....................20....................40....................60.......
Epoch 183 trainacc=0.9406850961538461 devacc=0.23867924528301887
0....................20....................40....................60.......
Epoch 184 trainacc=0.9557992788461539 devacc=0.2358490566037736
0....................20....................40....................60.......
Epoch 185 trainacc=0.95859375 devacc=0.2349056603773585
0....................20....................40....................60.......
Epoch 186 trainacc=0.9607271634615384 devacc=0.24056603773584906
0....................20....................40....................60.......
Epoch 187 trainacc=0.9577223557692308 devacc=0.22641509433962265
0....................20....................40....................60.......
Epoch 188 trainacc=0.9522836538461539 devacc=0.23679245283018868
0....................20....................40....................60.......
Epoch 189 trainacc=0.9581129807692308 devacc=0.23867924528301887
0....................20....................40....................60.......
Epoch 190 trainacc=0.9603365384615384 devacc=0.23773584905660378
0....................20....................40....................60.......
Epoch 191 trainacc=0.959795673076923 devacc=0.2358490566037736
0....................20....................40....................60.......
Epoch 192 trainacc=0.9583233173076923 devacc=0.2349056603773585
0....................20....................40....................60.......
Epoch 193 trainacc=0.9522836538461539 devacc=0.23962264150943396
0....................20....................40....................60.......
Epoch 194 trainacc=0.9536658653846154 devacc=0.24056603773584906
0....................20....................40....................60.......
Epoch 195 trainacc=0.9607271634615384 devacc=0.23867924528301887
0....................20....................40....................60.......
Epoch 196 trainacc=0.9682992788461539 devacc=0.2490566037735849
0....................20....................40....................60.......
Epoch 197 trainacc=0.9687800480769231 devacc=0.23113207547169812
0....................20....................40....................60.......
Epoch 198 trainacc=0.9697716346153846 devacc=0.2330188679245283
0....................20....................40....................60.......
Epoch 199 trainacc=0.9632211538461538 devacc=0.23962264150943396
0....................20....................40....................60.......
Epoch 200 trainacc=0.9622295673076923 devacc=0.24150943396226415
0....................20....................40....................60.......
Epoch 201 trainacc=0.9556490384615385 devacc=0.24150943396226415
0....................20....................40....................60.......
Epoch 202 trainacc=0.9675480769230769 devacc=0.2358490566037736
0....................20....................40....................60.......
Epoch 203 trainacc=0.9700721153846154 devacc=0.24056603773584906
0....................20....................40....................60.......
Epoch 204 trainacc=0.96796875 devacc=0.24245283018867925
0....................20....................40....................60.......
Epoch 205 trainacc=0.9671875 devacc=0.24245283018867925
0....................20....................40....................60.......
Epoch 206 trainacc=0.9638521634615385 devacc=0.24056603773584906
0....................20....................40....................60.......
Epoch 207 trainacc=0.9673978365384616 devacc=0.2481132075471698
0....................20....................40....................60.......
Epoch 208 trainacc=0.9584735576923077 devacc=0.23018867924528302
0....................20....................40....................60.......
Epoch 209 trainacc=0.9660757211538461 devacc=0.25471698113207547
0....................20....................40....................60.......
Epoch 210 trainacc=0.9577824519230769 devacc=0.23962264150943396
0....................20....................40....................60.......
Epoch 211 trainacc=0.9705829326923077 devacc=0.22924528301886793
0....................20....................40....................60.......
Epoch 212 trainacc=0.9727163461538462 devacc=0.23773584905660378
0....................20....................40....................60.......
Epoch 213 trainacc=0.9665264423076924 devacc=0.24150943396226415
0....................20....................40....................60.......
Epoch 214 trainacc=0.96640625 devacc=0.23867924528301887
0....................20....................40....................60.......
Epoch 215 trainacc=0.9750600961538461 devacc=0.2320754716981132
0....................20....................40....................60.......
Epoch 216 trainacc=0.9646634615384615 devacc=0.24339622641509434
0....................20....................40....................60.......
Epoch 217 trainacc=0.9713942307692308 devacc=0.24528301886792453
0....................20....................40....................60.......
Epoch 218 trainacc=0.9701923076923077 devacc=0.24339622641509434
0....................20....................40....................60.......
Epoch 219 trainacc=0.9725661057692307 devacc=0.2330188679245283
0....................20....................40....................60.......
Epoch 220 trainacc=0.9711237980769231 devacc=0.22924528301886793
0....................20....................40....................60.......
Epoch 221 trainacc=0.9733774038461539 devacc=0.2358490566037736
0....................20....................40....................60.......
Epoch 222 trainacc=0.9654747596153846 devacc=0.2358490566037736
0....................20....................40....................60.......
Epoch 223 trainacc=0.9574519230769231 devacc=0.24056603773584906
0....................20....................40....................60.......
Epoch 224 trainacc=0.9661959134615384 devacc=0.23867924528301887
0....................20....................40....................60.......
Epoch 225 trainacc=0.9768629807692307 devacc=0.2481132075471698
0....................20....................40....................60.......
Epoch 226 trainacc=0.9775540865384615 devacc=0.23962264150943396
0....................20....................40....................60.......
Epoch 227 trainacc=0.9763521634615384 devacc=0.23773584905660378
0....................20....................40....................60.......
Epoch 228 trainacc=0.9774338942307692 devacc=0.23679245283018868
0....................20....................40....................60.......
Epoch 229 trainacc=0.9754807692307692 devacc=0.2349056603773585
0....................20....................40....................60.......
Epoch 230 trainacc=0.9689603365384616 devacc=0.2330188679245283
0....................20....................40....................60.......
Epoch 231 trainacc=0.9643329326923077 devacc=0.2509433962264151
0....................20....................40....................60.......
Epoch 232 trainacc=0.9702524038461539 devacc=0.2320754716981132
0....................20....................40....................60.......
Epoch 233 trainacc=0.9604266826923077 devacc=0.24245283018867925
0....................20....................40....................60.......
Epoch 234 trainacc=0.977704326923077 devacc=0.22735849056603774
0....................20....................40....................60.......
Epoch 235 trainacc=0.9776742788461539 devacc=0.22924528301886793
0....................20....................40....................60.......
Epoch 236 trainacc=0.9804086538461538 devacc=0.22358490566037736
0....................20....................40....................60.......
Epoch 237 trainacc=0.9768329326923076 devacc=0.23773584905660378
0....................20....................40....................60.......
Epoch 238 trainacc=0.973046875 devacc=0.2481132075471698
0....................20....................40....................60.......
Epoch 239 trainacc=0.9773137019230769 devacc=0.23867924528301887
0....................20....................40....................60.......
Epoch 240 trainacc=0.9736778846153846 devacc=0.2160377358490566
0....................20....................40....................60.......
Epoch 241 trainacc=0.9832932692307692 devacc=0.2509433962264151
0....................20....................40....................60.......
Epoch 242 trainacc=0.980859375 devacc=0.23962264150943396
0....................20....................40....................60.......
Epoch 243 trainacc=0.9806790865384616 devacc=0.24622641509433962
0....................20....................40....................60.......
Epoch 244 trainacc=0.9682992788461539 devacc=0.24433962264150944
0....................20....................40....................60.......
Epoch 245 trainacc=0.9747896634615385 devacc=0.22358490566037736
0....................20....................40....................60.......
Epoch 246 trainacc=0.948046875 devacc=0.23867924528301887
0....................20....................40....................60.......
Epoch 247 trainacc=0.9711237980769231 devacc=0.2349056603773585
0....................20....................40....................60.......
Epoch 248 trainacc=0.9787560096153847 devacc=0.2330188679245283
0....................20....................40....................60.......
Epoch 249 trainacc=0.9814302884615385 devacc=0.23962264150943396
0....................20....................40....................60.......
Epoch 250 trainacc=0.9820612980769231 devacc=0.2490566037735849
0....................20....................40....................60.......
Epoch 251 trainacc=0.9817007211538461 devacc=0.24433962264150944
0....................20....................40....................60.......
Epoch 252 trainacc=0.9814302884615385 devacc=0.23018867924528302
0....................20....................40....................60.......
Epoch 253 trainacc=0.986328125 devacc=0.23679245283018868
0....................20....................40....................60.......
Epoch 254 trainacc=0.9798076923076923 devacc=0.24433962264150944
0....................20....................40....................60.......
Epoch 255 trainacc=0.9781850961538462 devacc=0.26037735849056604
0....................20....................40....................60.......
Epoch 256 trainacc=0.9801983173076924 devacc=0.23773584905660378
0....................20....................40....................60.......
Epoch 257 trainacc=0.9750600961538461 devacc=0.24528301886792453
0....................20....................40....................60.......
Epoch 258 trainacc=0.9811298076923077 devacc=0.2320754716981132
0....................20....................40....................60.......
Epoch 259 trainacc=0.98125 devacc=0.24150943396226415
0....................20....................40....................60.......
Epoch 260 trainacc=0.9783653846153846 devacc=0.2481132075471698
0....................20....................40....................60.......
Epoch 261 trainacc=0.9674879807692308 devacc=0.24245283018867925
0....................20....................40....................60.......
Epoch 262 trainacc=0.9746394230769231 devacc=0.23679245283018868
0....................20....................40....................60.......
Epoch 263 trainacc=0.9753004807692308 devacc=0.2339622641509434
0....................20....................40....................60.......
Epoch 264 trainacc=0.9850360576923077 devacc=0.23679245283018868
0....................20....................40....................60.......
Epoch 265 trainacc=0.9875600961538461 devacc=0.24433962264150944
0....................20....................40....................60.......
Epoch 266 trainacc=0.9885817307692307 devacc=0.24716981132075472
0....................20....................40....................60.......
Epoch 267 trainacc=0.9893028846153846 devacc=0.2528301886792453
0....................20....................40....................60.......
Epoch 268 trainacc=0.9863882211538462 devacc=0.2481132075471698
0....................20....................40....................60.......
Epoch 269 trainacc=0.991045673076923 devacc=0.24528301886792453
0....................20....................40....................60.......
Epoch 270 trainacc=0.9905649038461538 devacc=0.25660377358490566
0....................20....................40....................60.......
Epoch 271 trainacc=0.9845552884615385 devacc=0.23962264150943396
0....................20....................40....................60.......
Epoch 272 trainacc=0.9743689903846153 devacc=0.24433962264150944
0....................20....................40....................60.......
Epoch 273 trainacc=0.9846153846153847 devacc=0.2320754716981132
0....................20....................40....................60.......
Epoch 274 trainacc=0.9899939903846153 devacc=0.24150943396226415
0....................20....................40....................60.......
Epoch 275 trainacc=0.9901141826923077 devacc=0.24716981132075472
0....................20....................40....................60.......
Epoch 276 trainacc=0.9903846153846154 devacc=0.24339622641509434
0....................20....................40....................60.......
Epoch 277 trainacc=0.9880108173076924 devacc=0.24433962264150944
0....................20....................40....................60.......
Epoch 278 trainacc=0.9899338942307693 devacc=0.23867924528301887
0....................20....................40....................60.......
Epoch 279 trainacc=0.9815805288461539 devacc=0.2330188679245283
0....................20....................40....................60.......
Epoch 280 trainacc=0.9807091346153847 devacc=0.25754716981132075
0....................20....................40....................60.......
Epoch 281 trainacc=0.9686899038461538 devacc=0.25471698113207547
0....................20....................40....................60.......
Epoch 282 trainacc=0.9712439903846154 devacc=0.24716981132075472
0....................20....................40....................60.......
Epoch 283 trainacc=0.9758413461538461 devacc=0.2358490566037736
0....................20....................40....................60.......
Epoch 284 trainacc=0.9853665865384615 devacc=0.24245283018867925
0....................20....................40....................60.......
Epoch 285 trainacc=0.9873197115384615 devacc=0.24716981132075472
0....................20....................40....................60.......
Epoch 286 trainacc=0.9679086538461539 devacc=0.23773584905660378
0....................20....................40....................60.......
Epoch 287 trainacc=0.9821814903846153 devacc=0.23867924528301887
0....................20....................40....................60.......
Epoch 288 trainacc=0.9875 devacc=0.24245283018867925
0....................20....................40....................60.......
Epoch 289 trainacc=0.9904146634615385 devacc=0.2490566037735849
0....................20....................40....................60.......
Epoch 290 trainacc=0.9940805288461538 devacc=0.24622641509433962
0....................20....................40....................60.......
Epoch 291 trainacc=0.9920973557692307 devacc=0.24339622641509434
0....................20....................40....................60.......
Epoch 292 trainacc=0.9912860576923077 devacc=0.24245283018867925
0....................20....................40....................60.......
Epoch 293 trainacc=0.9929387019230769 devacc=0.24622641509433962
0....................20....................40....................60.......
Epoch 294 trainacc=0.9884615384615385 devacc=0.23867924528301887
0....................20....................40....................60.......
Epoch 295 trainacc=0.9787560096153847 devacc=0.2349056603773585
0....................20....................40....................60.......
Epoch 296 trainacc=0.9801983173076924 devacc=0.2358490566037736
0....................20....................40....................60.......
Epoch 297 trainacc=0.9801081730769231 devacc=0.23962264150943396
0....................20....................40....................60.......
Epoch 298 trainacc=0.9890625 devacc=0.2339622641509434
0....................20....................40....................60.......
Epoch 299 trainacc=0.9935997596153846 devacc=0.23962264150943396
0....................20....................40....................60.......
Epoch 300 trainacc=0.9942908653846154 devacc=0.23962264150943396
0....................20....................40....................60.......
Epoch 301 trainacc=0.9914963942307692 devacc=0.24528301886792453
0....................20....................40....................60.......
Epoch 302 trainacc=0.9820913461538462 devacc=0.24339622641509434
0....................20....................40....................60.......
Epoch 303 trainacc=0.9782451923076924 devacc=0.22452830188679246
0....................20....................40....................60.......
Epoch 304 trainacc=0.9793569711538461 devacc=0.23113207547169812
0....................20....................40....................60.......
Epoch 305 trainacc=0.9756310096153846 devacc=0.23018867924528302
0....................20....................40....................60.......
Epoch 306 trainacc=0.9819411057692308 devacc=0.23962264150943396
0....................20....................40....................60.......
Epoch 307 trainacc=0.9752704326923077 devacc=0.24339622641509434
0....................20....................40....................60.......
Epoch 308 trainacc=0.9896334134615384 devacc=0.2330188679245283
0....................20....................40....................60.......
Epoch 309 trainacc=0.9927584134615385 devacc=0.2330188679245283
0....................20....................40....................60.......
Epoch 310 trainacc=0.9946213942307692 devacc=0.23867924528301887
0....................20....................40....................60.......
Epoch 311 trainacc=0.9956129807692308 devacc=0.24433962264150944
0....................20....................40....................60.......
Epoch 312 trainacc=0.9961838942307693 devacc=0.2490566037735849
0....................20....................40....................60.......
Epoch 313 trainacc=0.9950120192307692 devacc=0.2358490566037736
0....................20....................40....................60.......
Epoch 314 trainacc=0.9925480769230769 devacc=0.23773584905660378
0....................20....................40....................60.......
Epoch 315 trainacc=0.9942007211538462 devacc=0.2509433962264151
0....................20....................40....................60.......
Epoch 316 trainacc=0.9923377403846154 devacc=0.2330188679245283
0....................20....................40....................60.......
Epoch 317 trainacc=0.9932692307692308 devacc=0.24339622641509434
0....................20....................40....................60.......
Epoch 318 trainacc=0.9847956730769231 devacc=0.23867924528301887
0....................20....................40....................60.......
Epoch 319 trainacc=0.9759014423076923 devacc=0.2349056603773585
0....................20....................40....................60.......
Epoch 320 trainacc=0.9604567307692308 devacc=0.23679245283018868
0....................20....................40....................60.......
Epoch 321 trainacc=0.9725360576923077 devacc=0.23867924528301887
0....................20....................40....................60.......
Epoch 322 trainacc=0.9903846153846154 devacc=0.23773584905660378
0....................20....................40....................60.......
Epoch 323 trainacc=0.9950420673076923 devacc=0.2339622641509434
0....................20....................40....................60.......
Epoch 324 trainacc=0.9949819711538461 devacc=0.24528301886792453
0....................20....................40....................60.......
Epoch 325 trainacc=0.9945012019230769 devacc=0.23773584905660378
0....................20....................40....................60.......
Epoch 326 trainacc=0.996875 devacc=0.22641509433962265
0....................20....................40....................60.......
Epoch 327 trainacc=0.9969651442307692 devacc=0.24056603773584906
0....................20....................40....................60.......
Epoch 328 trainacc=0.9972956730769231 devacc=0.24245283018867925
0....................20....................40....................60.......
Epoch 329 trainacc=0.9946814903846154 devacc=0.22641509433962265
0....................20....................40....................60.......
Epoch 330 trainacc=0.993329326923077 devacc=0.23773584905660378
0....................20....................40....................60.......
Epoch 331 trainacc=0.9961838942307693 devacc=0.23679245283018868
0....................20....................40....................60.......
Epoch 332 trainacc=0.9939903846153846 devacc=0.2481132075471698
0....................20....................40....................60.......
Epoch 333 trainacc=0.9890324519230769 devacc=0.24433962264150944
0....................20....................40....................60.......
Epoch 334 trainacc=0.9803485576923077 devacc=0.22641509433962265
0....................20....................40....................60.......
Epoch 335 trainacc=0.9741586538461539 devacc=0.22735849056603774
0....................20....................40....................60.......
Epoch 336 trainacc=0.9638822115384615 devacc=0.24150943396226415
0....................20....................40....................60.......
Epoch 337 trainacc=0.9732872596153846 devacc=0.24056603773584906
0....................20....................40....................60.......
Epoch 338 trainacc=0.9877704326923077 devacc=0.25
0....................20....................40....................60.......
Epoch 339 trainacc=0.9954927884615384 devacc=0.2518867924528302
0....................20....................40....................60.......
Epoch 340 trainacc=0.9970552884615385 devacc=0.25
0....................20....................40....................60.......
Epoch 341 trainacc=0.9967848557692308 devacc=0.2528301886792453
0....................20....................40....................60.......
Epoch 342 trainacc=0.9969951923076923 devacc=0.23962264150943396
0....................20....................40....................60.......
Epoch 343 trainacc=0.9978966346153846 devacc=0.2490566037735849
0....................20....................40....................60.......
Epoch 344 trainacc=0.9976262019230769 devacc=0.2537735849056604
0....................20....................40....................60.......
Epoch 345 trainacc=0.9981370192307693 devacc=0.2490566037735849
0....................20....................40....................60.......
Epoch 346 trainacc=0.9978365384615384 devacc=0.24150943396226415
0....................20....................40....................60.......
Epoch 347 trainacc=0.9982271634615385 devacc=0.2537735849056604
0....................20....................40....................60.......
Epoch 348 trainacc=0.9902644230769231 devacc=0.2490566037735849
0....................20....................40....................60.......
Epoch 349 trainacc=0.9752103365384616 devacc=0.24339622641509434
0....................20....................40....................60.......
Epoch 350 trainacc=0.971484375 devacc=0.23679245283018868
0....................20....................40....................60.......
Epoch 351 trainacc=0.9666165865384615 devacc=0.21037735849056605
0....................20....................40....................60.......
Epoch 352 trainacc=0.9797475961538461 devacc=0.2349056603773585
0....................20....................40....................60.......
Epoch 353 trainacc=0.9865384615384616 devacc=0.22924528301886793
0....................20....................40....................60.......
Epoch 354 trainacc=0.9955228365384615 devacc=0.24716981132075472
0....................20....................40....................60.......
Epoch 355 trainacc=0.9976862980769231 devacc=0.24150943396226415
0....................20....................40....................60.......
Epoch 356 trainacc=0.9982271634615385 devacc=0.24245283018867925
0....................20....................40....................60.......
Epoch 357 trainacc=0.9973257211538461 devacc=0.23867924528301887
0....................20....................40....................60.......
Epoch 358 trainacc=0.9983173076923076 devacc=0.2490566037735849
0....................20....................40....................60.......
Epoch 359 trainacc=0.9987079326923077 devacc=0.24433962264150944
0....................20....................40....................60.......
Epoch 360 trainacc=0.9978064903846153 devacc=0.2358490566037736
0....................20....................40....................60.......
Epoch 361 trainacc=0.9984675480769231 devacc=0.23867924528301887
0....................20....................40....................60.......
Epoch 362 trainacc=0.9987079326923077 devacc=0.2518867924528302
0....................20....................40....................60.......
Epoch 363 trainacc=0.9973557692307692 devacc=0.23867924528301887
0....................20....................40....................60.......
Epoch 364 trainacc=0.9983774038461538 devacc=0.2358490566037736
0....................20....................40....................60.......
Epoch 365 trainacc=0.994140625 devacc=0.2518867924528302
0....................20....................40....................60.......
Epoch 366 trainacc=0.9759915865384615 devacc=0.23962264150943396
0....................20....................40....................60.......
Epoch 367 trainacc=0.9421574519230769 devacc=0.2188679245283019
0....................20....................40....................60.......
Epoch 368 trainacc=0.9831430288461539 devacc=0.23962264150943396
0....................20....................40....................60.......
Epoch 369 trainacc=0.9941105769230769 devacc=0.2358490566037736
0....................20....................40....................60.......
Epoch 370 trainacc=0.9932091346153846 devacc=0.22547169811320755
0....................20....................40....................60.......
Epoch 371 trainacc=0.987890625 devacc=0.24056603773584906
0....................20....................40....................60.......
Epoch 372 trainacc=0.9969350961538461 devacc=0.2330188679245283
0....................20....................40....................60.......
Epoch 373 trainacc=0.9986778846153846 devacc=0.2349056603773585
0....................20....................40....................60.......
Epoch 374 trainacc=0.9982872596153847 devacc=0.24622641509433962
0....................20....................40....................60.......
Epoch 375 trainacc=0.9984975961538461 devacc=0.24150943396226415
0....................20....................40....................60.......
Epoch 376 trainacc=0.9989483173076923 devacc=0.24056603773584906
0....................20....................40....................60.......
Epoch 377 trainacc=0.9977163461538462 devacc=0.24716981132075472
0....................20....................40....................60.......
Epoch 378 trainacc=0.9981370192307693 devacc=0.24622641509433962
0....................20....................40....................60.......
Epoch 379 trainacc=0.999188701923077 devacc=0.25
0....................20....................40....................60.......
Epoch 380 trainacc=0.9991286057692308 devacc=0.24716981132075472
0....................20....................40....................60.......
Epoch 381 trainacc=0.9989182692307692 devacc=0.23962264150943396
0....................20....................40....................60.......
Epoch 382 trainacc=0.9866586538461538 devacc=0.2339622641509434
0....................20....................40....................60.......
Epoch 383 trainacc=0.9859074519230769 devacc=0.22735849056603774
0....................20....................40....................60.......
Epoch 384 trainacc=0.973798076923077 devacc=0.2330188679245283
0....................20....................40....................60.......
Epoch 385 trainacc=0.9637319711538461 devacc=0.23867924528301887
0....................20....................40....................60.......
Epoch 386 trainacc=0.9735276442307692 devacc=0.22547169811320755
0....................20....................40....................60.......
Epoch 387 trainacc=0.9876201923076923 devacc=0.2509433962264151
0....................20....................40....................60.......
Epoch 388 trainacc=0.9959735576923077 devacc=0.22547169811320755
0....................20....................40....................60.......
Epoch 389 trainacc=0.9970853365384615 devacc=0.24528301886792453
0....................20....................40....................60.......
Epoch 390 trainacc=0.9981971153846154 devacc=0.23773584905660378
0....................20....................40....................60.......
Epoch 391 trainacc=0.998858173076923 devacc=0.24339622641509434
0....................20....................40....................60.......
Epoch 392 trainacc=0.9990685096153846 devacc=0.24716981132075472
0....................20....................40....................60.......
Epoch 393 trainacc=0.9994290865384615 devacc=0.23962264150943396
0....................20....................40....................60.......
Epoch 394 trainacc=0.9985276442307692 devacc=0.24056603773584906
0....................20....................40....................60.......
Epoch 395 trainacc=0.9990384615384615 devacc=0.24245283018867925
0....................20....................40....................60.......
Epoch 396 trainacc=0.9984074519230769 devacc=0.24528301886792453
0....................20....................40....................60.......
Epoch 397 trainacc=0.9975661057692308 devacc=0.23773584905660378
0....................20....................40....................60.......
Epoch 398 trainacc=0.9990685096153846 devacc=0.24245283018867925
0....................20....................40....................60.......
Epoch 399 trainacc=0.9992487980769231 devacc=0.24433962264150944
0....................20....................40....................60.......
Epoch 400 trainacc=0.9990985576923077 devacc=0.2358490566037736
0....................20....................40....................60.......
Epoch 401 trainacc=0.9951923076923077 devacc=0.24339622641509434
0....................20....................40....................60.......
Epoch 402 trainacc=0.985186298076923 devacc=0.2509433962264151
0....................20....................40....................60.......
Epoch 403 trainacc=0.9845252403846154 devacc=0.23113207547169812
0....................20....................40....................60.......
Epoch 404 trainacc=0.9877704326923077 devacc=0.22641509433962265
0....................20....................40....................60.......
Epoch 405 trainacc=0.975751201923077 devacc=0.23773584905660378
0....................20....................40....................60.......
Epoch 406 trainacc=0.9727163461538462 devacc=0.23773584905660378
0....................20....................40....................60.......
Epoch 407 trainacc=0.9905649038461538 devacc=0.22830188679245284
0....................20....................40....................60.......
Epoch 408 trainacc=0.9974459134615384 devacc=0.22452830188679246
0....................20....................40....................60.......
Epoch 409 trainacc=0.9987079326923077 devacc=0.24245283018867925
0....................20....................40....................60.......
Epoch 410 trainacc=0.9893629807692308 devacc=0.2339622641509434
0....................20....................40....................60.......
Epoch 411 trainacc=0.9970252403846154 devacc=0.23018867924528302
0....................20....................40....................60.......
Epoch 412 trainacc=0.995282451923077 devacc=0.2330188679245283
0....................20....................40....................60.......
Epoch 413 trainacc=0.9980168269230769 devacc=0.23867924528301887
0....................20....................40....................60.......
Epoch 414 trainacc=0.9984675480769231 devacc=0.24150943396226415
0....................20....................40....................60.......
Epoch 415 trainacc=0.9992487980769231 devacc=0.23679245283018868
0....................20....................40....................60.......
Epoch 416 trainacc=0.9995793269230769 devacc=0.23679245283018868
0....................20....................40....................60.......
Epoch 417 trainacc=0.9977163461538462 devacc=0.2349056603773585
0....................20....................40....................60.......
Epoch 418 trainacc=0.9891526442307692 devacc=0.24150943396226415
0....................20....................40....................60.......
Epoch 419 trainacc=0.9696814903846154 devacc=0.23962264150943396
0....................20....................40....................60.......
Epoch 420 trainacc=0.9692608173076923 devacc=0.2320754716981132
0....................20....................40....................60.......
Epoch 421 trainacc=0.9903545673076923 devacc=0.23867924528301887
0....................20....................40....................60.......
Epoch 422 trainacc=0.9881610576923077 devacc=0.24528301886792453
0....................20....................40....................60.......
Epoch 423 trainacc=0.9975060096153846 devacc=0.2320754716981132
0....................20....................40....................60.......
Epoch 424 trainacc=0.9984675480769231 devacc=0.24245283018867925
0....................20....................40....................60.......
Epoch 425 trainacc=0.9993088942307692 devacc=0.2358490566037736
0....................20....................40....................60.......
Epoch 426 trainacc=0.9995793269230769 devacc=0.24339622641509434
0....................20....................40....................60.......
Epoch 427 trainacc=0.9986478365384616 devacc=0.23679245283018868
0....................20....................40....................60.......
Epoch 428 trainacc=0.998858173076923 devacc=0.23962264150943396
0....................20....................40....................60.......
Epoch 429 trainacc=0.9959435096153846 devacc=0.24716981132075472
0....................20....................40....................60.......
Epoch 430 trainacc=0.998858173076923 devacc=0.24622641509433962
0....................20....................40....................60.......
Epoch 431 trainacc=0.9984375 devacc=0.24433962264150944
0....................20....................40....................60.......
Epoch 432 trainacc=0.9990084134615385 devacc=0.2537735849056604
0....................20....................40....................60.......
Epoch 433 trainacc=0.9995492788461539 devacc=0.24245283018867925
0....................20....................40....................60.......
Epoch 434 trainacc=0.9995492788461539 devacc=0.24245283018867925
0....................20....................40....................60.......
Epoch 435 trainacc=0.999609375 devacc=0.2490566037735849
0....................20....................40....................60.......
Epoch 436 trainacc=0.9990384615384615 devacc=0.2339622641509434
0....................20....................40....................60.......
Epoch 437 trainacc=0.9997596153846153 devacc=0.2518867924528302
0....................20....................40....................60.......
Epoch 438 trainacc=0.9996995192307693 devacc=0.25471698113207547
0....................20....................40....................60.......
Epoch 439 trainacc=0.9979567307692307 devacc=0.2481132075471698
0....................20....................40....................60.......
Epoch 440 trainacc=0.9770733173076923 devacc=0.22924528301886793
0....................20....................40....................60.......
Epoch 441 trainacc=0.9504507211538461 devacc=0.22735849056603774
0....................20....................40....................60.......
Epoch 442 trainacc=0.9726262019230769 devacc=0.2349056603773585
0....................20....................40....................60.......
Epoch 443 trainacc=0.9869290865384616 devacc=0.24056603773584906
0....................20....................40....................60.......
Epoch 444 trainacc=0.9958233173076924 devacc=0.2349056603773585
0....................20....................40....................60.......
Epoch 445 trainacc=0.9994591346153846 devacc=0.2339622641509434
0....................20....................40....................60.......
Epoch 446 trainacc=0.9995793269230769 devacc=0.24433962264150944
0....................20....................40....................60.......
Epoch 447 trainacc=0.9997295673076924 devacc=0.2509433962264151
0....................20....................40....................60.......
Epoch 448 trainacc=0.9992788461538461 devacc=0.23962264150943396
0....................20....................40....................60.......
Epoch 449 trainacc=0.9993689903846154 devacc=0.24339622641509434
0....................20....................40....................60.......
Epoch 450 trainacc=0.9993088942307692 devacc=0.23773584905660378
0....................20....................40....................60.......
Epoch 451 trainacc=0.9931790865384615 devacc=0.24056603773584906
0....................20....................40....................60.......
Epoch 452 trainacc=0.994951923076923 devacc=0.2339622641509434
0....................20....................40....................60.......
Epoch 453 trainacc=0.9955228365384615 devacc=0.22547169811320755
0....................20....................40....................60.......
Epoch 454 trainacc=0.999188701923077 devacc=0.23679245283018868
0....................20....................40....................60.......
Epoch 455 trainacc=0.9997896634615384 devacc=0.2349056603773585
0....................20....................40....................60.......
Epoch 456 trainacc=0.9991586538461539 devacc=0.23113207547169812
0....................20....................40....................60.......
Epoch 457 trainacc=0.9996995192307693 devacc=0.2358490566037736
0....................20....................40....................60.......
Epoch 458 trainacc=0.9997896634615384 devacc=0.23867924528301887
0....................20....................40....................60.......
Epoch 459 trainacc=0.9990985576923077 devacc=0.23679245283018868
0....................20....................40....................60.......
Epoch 460 trainacc=0.9975360576923077 devacc=0.2481132075471698
0....................20....................40....................60.......
Epoch 461 trainacc=0.9908954326923077 devacc=0.2179245283018868
0....................20....................40....................60.......
Epoch 462 trainacc=0.9665564903846153 devacc=0.22075471698113208
0....................20....................40....................60.......
Epoch 463 trainacc=0.973467548076923 devacc=0.2018867924528302
0....................20....................40....................60.......
Epoch 464 trainacc=0.9864483173076923 devacc=0.2339622641509434
0....................20....................40....................60.......
Epoch 465 trainacc=0.9967548076923077 devacc=0.2490566037735849
0....................20....................40....................60.......
Epoch 466 trainacc=0.9972055288461539 devacc=0.23867924528301887
0....................20....................40....................60.......
Epoch 467 trainacc=0.9978966346153846 devacc=0.2349056603773585
0....................20....................40....................60.......
Epoch 468 trainacc=0.9994591346153846 devacc=0.2349056603773585
0....................20....................40....................60.......
Epoch 469 trainacc=0.9995793269230769 devacc=0.2481132075471698
0....................20....................40....................60.......
Epoch 470 trainacc=0.9997295673076924 devacc=0.24056603773584906
0....................20....................40....................60.......
Epoch 471 trainacc=0.9998197115384615 devacc=0.23679245283018868
0....................20....................40....................60.......
Epoch 472 trainacc=0.9995192307692308 devacc=0.24433962264150944
0....................20....................40....................60.......
Epoch 473 trainacc=0.9996995192307693 devacc=0.2537735849056604
0....................20....................40....................60.......
Epoch 474 trainacc=0.9998497596153846 devacc=0.24528301886792453
0....................20....................40....................60.......
Epoch 475 trainacc=0.9998197115384615 devacc=0.24245283018867925
0....................20....................40....................60.......
Epoch 476 trainacc=0.9997896634615384 devacc=0.24150943396226415
0....................20....................40....................60.......
Epoch 477 trainacc=0.9993689903846154 devacc=0.25
0....................20....................40....................60.......
Epoch 478 trainacc=0.9995492788461539 devacc=0.24528301886792453
0....................20....................40....................60.......
Epoch 479 trainacc=0.9928786057692308 devacc=0.24056603773584906
0....................20....................40....................60.......
Epoch 480 trainacc=0.9708834134615385 devacc=0.24622641509433962
0....................20....................40....................60.......
Epoch 481 trainacc=0.9593149038461538 devacc=0.2528301886792453
0....................20....................40....................60.......
Epoch 482 trainacc=0.9896935096153846 devacc=0.2320754716981132
0....................20....................40....................60.......
Epoch 483 trainacc=0.9958533653846153 devacc=0.24528301886792453
0....................20....................40....................60.......
Epoch 484 trainacc=0.9990985576923077 devacc=0.24339622641509434
0....................20....................40....................60.......
Epoch 485 trainacc=0.9987079326923077 devacc=0.22830188679245284
0....................20....................40....................60.......
Epoch 486 trainacc=0.999609375 devacc=0.24433962264150944
0....................20....................40....................60.......
Epoch 487 trainacc=0.998828125 devacc=0.219811320754717
0....................20....................40....................60.......
Epoch 488 trainacc=0.9995793269230769 devacc=0.25660377358490566
0....................20....................40....................60.......
Epoch 489 trainacc=0.9997295673076924 devacc=0.24339622641509434
0....................20....................40....................60.......
Epoch 490 trainacc=0.9996995192307693 devacc=0.2330188679245283
0....................20....................40....................60.......
Epoch 491 trainacc=0.9998197115384615 devacc=0.24622641509433962
0....................20....................40....................60.......
Epoch 492 trainacc=0.9997596153846153 devacc=0.24716981132075472
0....................20....................40....................60.......
Epoch 493 trainacc=0.9998197115384615 devacc=0.24245283018867925
0....................20....................40....................60.......
Epoch 494 trainacc=0.9927884615384616 devacc=0.23018867924528302
0....................20....................40....................60.......
Epoch 495 trainacc=0.9898737980769231 devacc=0.2481132075471698
0....................20....................40....................60.......
Epoch 496 trainacc=0.9832932692307692 devacc=0.21132075471698114
0....................20....................40....................60.......
Epoch 497 trainacc=0.9923076923076923 devacc=0.2537735849056604
0....................20....................40....................60.......
Epoch 498 trainacc=0.9926983173076923 devacc=0.23962264150943396
0....................20....................40....................60.......
Epoch 499 trainacc=0.9926081730769231 devacc=0.23867924528301887
Finished Training
0.3594515181194907
