True
train_subjects ['canon_12_5', 'zhaoye', 'ruocheng', 'isa_12_5', 'russell_11_7', 'russell_random_12_7', 'yiheng_12_5', 'jq_12_6', 'solomon', 'wenzhou_12_5', 'russell_11_20_stand', 'joanne', 'yongxu_11_30', 'yiheng_11_30', 'kelly_11_7', 'albert', 'haobin_11_22']
dev_subjects ['daniel', 'chen']
test_subjects ['kevin_11_7', 'janet']
Processing canon_12_5
Processing zhaoye
Processing ruocheng
Processing isa_12_5
Processing russell_11_7
Processing russell_random_12_7
Processing yiheng_12_5
Processing jq_12_6
Processing solomon
Processing wenzhou_12_5
Processing russell_11_20_stand
Processing joanne
Processing yongxu_11_30
Processing yiheng_11_30
Processing kelly_11_7
Processing albert
Processing haobin_11_22
Processing daniel
Processing chen
Processing kevin_11_7
Processing janet
(8618, 100, 3) (783, 100, 3) (1000, 100, 3) (8618,) (783,) (1000,)
8618 100 3
0..................
Epoch 0 trainacc=0.04061267115339986 devacc=0.05236270753512133
0..................
Epoch 1 trainacc=0.04061267115339986 devacc=0.05236270753512133
0..................
Epoch 2 trainacc=0.04061267115339986 devacc=0.05236270753512133
0..................
Epoch 3 trainacc=0.04061267115339986 devacc=0.05236270753512133
0..................
Epoch 4 trainacc=0.040844743559990716 devacc=0.05236270753512133
0..................
Epoch 5 trainacc=0.05198421907635182 devacc=0.037037037037037035
0..................
Epoch 6 trainacc=0.05163611046646554 devacc=0.05363984674329502
0..................
Epoch 7 trainacc=0.0621954049663495 devacc=0.06002554278416347
0..................
Epoch 8 trainacc=0.0659085634718032 devacc=0.07279693486590039
0..................
Epoch 9 trainacc=0.07855650963100487 devacc=0.0842911877394636
0..................
Epoch 10 trainacc=0.08401021118589 devacc=0.10089399744572158
0..................
Epoch 11 trainacc=0.09108841958691112 devacc=0.12005108556832694
0..................
Epoch 12 trainacc=0.0943374332791831 devacc=0.1123882503192848
0..................
Epoch 13 trainacc=0.11069853794383848 devacc=0.14814814814814814
0..................
Epoch 14 trainacc=0.11835692736133674 devacc=0.14559386973180077
0..................
Epoch 15 trainacc=0.1359944302622418 devacc=0.14559386973180077
0..................
Epoch 16 trainacc=0.14632165235553493 devacc=0.13793103448275862
0..................
Epoch 17 trainacc=0.1581573450916686 devacc=0.14687100893997446
0..................
Epoch 18 trainacc=0.16697609654212114 devacc=0.1532567049808429
0..................
Epoch 19 trainacc=0.1886748665583662 devacc=0.14687100893997446
0..................
Epoch 20 trainacc=0.19714550939893247 devacc=0.14687100893997446
0..................
Epoch 21 trainacc=0.21060570898120212 devacc=0.16602809706257982
0..................
Epoch 22 trainacc=0.21803202599210955 devacc=0.15197956577266922
0..................
Epoch 23 trainacc=0.22789510327222093 devacc=0.1685823754789272
0..................
Epoch 24 trainacc=0.23566952889301462 devacc=0.17624521072796934
0..................
Epoch 25 trainacc=0.24007890461824088 devacc=0.17496807151979565
0..................
Epoch 26 trainacc=0.25005801810164774 devacc=0.18773946360153257
0..................
Epoch 27 trainacc=0.26491065212346254 devacc=0.18135376756066413
0..................
Epoch 28 trainacc=0.2767463448595962 devacc=0.18901660280970625
0..................
Epoch 29 trainacc=0.2743095845903922 devacc=0.1724137931034483
0..................
Epoch 30 trainacc=0.2838245532606173 devacc=0.1558109833971903
0..................
Epoch 31 trainacc=0.2934555581341379 devacc=0.1685823754789272
0..................
Epoch 32 trainacc=0.30006962172197726 devacc=0.1673052362707535
0..................
Epoch 33 trainacc=0.3224646089579949 devacc=0.18646232439335889
0..................
Epoch 34 trainacc=0.3204919935019726 devacc=0.1979565772669221
0..................
Epoch 35 trainacc=0.32826641912276633 devacc=0.2120051085568327
0..................
Epoch 36 trainacc=0.3312833604084474 devacc=0.21583652618135377
0..................
Epoch 37 trainacc=0.34381527036435366 devacc=0.21966794380587484
0..................
Epoch 38 trainacc=0.3402181480621954 devacc=0.19540229885057472
0..................
Epoch 39 trainacc=0.3522859132049199 devacc=0.23371647509578544
0..................
Epoch 40 trainacc=0.34520770480389884 devacc=0.21583652618135377
0..................
Epoch 41 trainacc=0.36180088187514503 devacc=0.2222222222222222
0..................
Epoch 42 trainacc=0.36748665583662105 devacc=0.2120051085568327
0..................
Epoch 43 trainacc=0.385356231144117 devacc=0.227330779054917
0..................
Epoch 44 trainacc=0.3866326293803667 devacc=0.23499361430395913
0..................
Epoch 45 trainacc=0.4024135530285449 devacc=0.22860791826309068
0..................
Epoch 46 trainacc=0.39974472035275005 devacc=0.24776500638569604
0..................
Epoch 47 trainacc=0.4085634718032026 devacc=0.22094508301404853
0..................
Epoch 48 trainacc=0.40844743559990715 devacc=0.23499361430395913
0..................
Epoch 49 trainacc=0.4185425852866094 devacc=0.2388250319284802
0..................
Epoch 50 trainacc=0.42399628684149454 devacc=0.23627075351213284
0..................
Epoch 51 trainacc=0.4223717799953586 devacc=0.25287356321839083
0..................
Epoch 52 trainacc=0.443374332791831 devacc=0.2503192848020434
0..................
Epoch 53 trainacc=0.4379206312369459 devacc=0.2413793103448276
0..................
Epoch 54 trainacc=0.44824785333023903 devacc=0.2503192848020434
0..................
Epoch 55 trainacc=0.45532606173126017 devacc=0.2388250319284802
0..................
Epoch 56 trainacc=0.4655372476212578 devacc=0.24776500638569604
0..................
Epoch 57 trainacc=0.4656532838245533 devacc=0.24521072796934865
0..................
Epoch 58 trainacc=0.4737758180552332 devacc=0.24393358876117496
0..................
Epoch 59 trainacc=0.47540032490136924 devacc=0.24648786717752236
0..................
Epoch 60 trainacc=0.4899048503132977 devacc=0.24010217113665389
0..................
Epoch 61 trainacc=0.4810860988628452 devacc=0.2503192848020434
0..................
Epoch 62 trainacc=0.49408215363193314 devacc=0.26436781609195403
0..................
Epoch 63 trainacc=0.4921095381759109 devacc=0.2656449553001277
0..................
Epoch 64 trainacc=0.5039452309120446 devacc=0.26947637292464877
0..................
Epoch 65 trainacc=0.5105592944998839 devacc=0.24904214559386972
0..................
Epoch 66 trainacc=0.5197261545602228 devacc=0.25287356321839083
0..................
Epoch 67 trainacc=0.5271524715711302 devacc=0.2515964240102171
0..................
Epoch 68 trainacc=0.5132281271756788 devacc=0.23754789272030652
0..................
Epoch 69 trainacc=0.5206544441865862 devacc=0.24776500638569604
0..................
Epoch 70 trainacc=0.5380598746809004 devacc=0.26436781609195403
0..................
Epoch 71 trainacc=0.5319099559062428 devacc=0.28735632183908044
0..................
Epoch 72 trainacc=0.5408447435599907 devacc=0.26181353767560667
0..................
Epoch 73 trainacc=0.5352750058018102 devacc=0.2413793103448276
0..................
Epoch 74 trainacc=0.5475748433511256 devacc=0.2707535121328225
0..................
Epoch 75 trainacc=0.5502436760269204 devacc=0.25798212005108556
0..................
Epoch 76 trainacc=0.5554653051752146 devacc=0.2720306513409962
0..................
Epoch 77 trainacc=0.5620793687630541 devacc=0.26181353767560667
0..................
Epoch 78 trainacc=0.5704339754003249 devacc=0.26947637292464877
0..................
Epoch 79 trainacc=0.5777442562079369 devacc=0.2720306513409962
0..................
Epoch 80 trainacc=0.5710141564168021 devacc=0.2848020434227331
0..................
Epoch 81 trainacc=0.575075423532142 devacc=0.26181353767560667
0..................
Epoch 82 trainacc=0.5826177767463449 devacc=0.2784163473818646
0..................
Epoch 83 trainacc=0.5712462288233929 devacc=0.25798212005108556
0..................
Epoch 84 trainacc=0.57994894407055 devacc=0.26053639846743293
0..................
Epoch 85 trainacc=0.59619401253191 devacc=0.26436781609195403
0..................
Epoch 86 trainacc=0.6017637502900905 devacc=0.2681992337164751
0..................
Epoch 87 trainacc=0.581573450916686 devacc=0.26053639846743293
0..................
Epoch 88 trainacc=0.6025760037131586 devacc=0.27586206896551724
0..................
Epoch 89 trainacc=0.6184729635646322 devacc=0.26947637292464877
0..................
Epoch 90 trainacc=0.6182408911580413 devacc=0.280970625798212
0..................
Epoch 91 trainacc=0.6096542121141796 devacc=0.2681992337164751
0..................
Epoch 92 trainacc=0.6213738686470178 devacc=0.2681992337164751
0..................
Epoch 93 trainacc=0.6209097238338361 devacc=0.27586206896551724
0..................
Epoch 94 trainacc=0.6213738686470178 devacc=0.28735632183908044
0..................
Epoch 95 trainacc=0.6231144116964493 devacc=0.26947637292464877
0..................
Epoch 96 trainacc=0.6401717335808772 devacc=0.2937420178799489
0..................
Epoch 97 trainacc=0.6392434439545138 devacc=0.2822477650063857
0..................
Epoch 98 trainacc=0.639823624970991 devacc=0.2796934865900383
0..................
Epoch 99 trainacc=0.6372708284984915 devacc=0.30268199233716475
0..................
Epoch 100 trainacc=0.6283360408447436 devacc=0.28991060025542786
0..................
Epoch 101 trainacc=0.6351821768391738 devacc=0.29246487867177523
0..................
Epoch 102 trainacc=0.6388953353446275 devacc=0.2822477650063857
0..................
Epoch 103 trainacc=0.646901833372012 devacc=0.2567049808429119
0..................
Epoch 104 trainacc=0.6580413088883732 devacc=0.29757343550446996
0..................
Epoch 105 trainacc=0.6624506846135995 devacc=0.29246487867177523
0..................
Epoch 106 trainacc=0.6547922951961012 devacc=0.3090676883780332
0..................
Epoch 107 trainacc=0.6610582501740543 devacc=0.27458492975734355
0..................
Epoch 108 trainacc=0.6522394987236018 devacc=0.2937420178799489
0..................
Epoch 109 trainacc=0.6669760965421211 devacc=0.2835249042145594
0..................
Epoch 110 trainacc=0.6673242051520074 devacc=0.2886334610472541
0..................
Epoch 111 trainacc=0.6747505221629149 devacc=0.28991060025542786
0..................
Epoch 112 trainacc=0.6677883499651891 devacc=0.29246487867177523
0..................
Epoch 113 trainacc=0.6766071014156417 devacc=0.2771392081736909
0..................
Epoch 114 trainacc=0.6691807844047343 devacc=0.29757343550446996
0..................
Epoch 115 trainacc=0.6804362961243908 devacc=0.28607918263090676
0..................
Epoch 116 trainacc=0.6748665583662102 devacc=0.2681992337164751
0..................
Epoch 117 trainacc=0.6825249477837085 devacc=0.28735632183908044
0..................
Epoch 118 trainacc=0.6884427941517753 devacc=0.2796934865900383
0..................
Epoch 119 trainacc=0.6930842422835924 devacc=0.29757343550446996
0..................
Epoch 120 trainacc=0.7001624506846136 devacc=0.28607918263090676
0..................
Epoch 121 trainacc=0.6947087491297285 devacc=0.29118773946360155
0..................
Epoch 122 trainacc=0.699466233464841 devacc=0.2950191570881226
0..................
Epoch 123 trainacc=0.6984219076351822 devacc=0.3128991060025543
0..................
Epoch 124 trainacc=0.7008586679043862 devacc=0.3103448275862069
0..................
Epoch 125 trainacc=0.710837781387793 devacc=0.2937420178799489
0..................
Epoch 126 trainacc=0.7000464144813182 devacc=0.2886334610472541
0..................
Epoch 127 trainacc=0.7135066140635878 devacc=0.2835249042145594
0..................
Epoch 128 trainacc=0.6987700162450685 devacc=0.2950191570881226
0..................
Epoch 129 trainacc=0.7017869575307496 devacc=0.280970625798212
0..................
Epoch 130 trainacc=0.7162914829426781 devacc=0.2848020434227331
0..................
Epoch 131 trainacc=0.7049199350197262 devacc=0.2886334610472541
0..................
Epoch 132 trainacc=0.7196565328382455 devacc=0.30395913154533843
0..................
Epoch 133 trainacc=0.7182640983987004 devacc=0.30395913154533843
0..................
Epoch 134 trainacc=0.7166395915525644 devacc=0.27458492975734355
0..................
Epoch 135 trainacc=0.714086795080065 devacc=0.28735632183908044
0..................
Epoch 136 trainacc=0.7209329310744953 devacc=0.3065134099616858
0..................
Epoch 137 trainacc=0.727082849849153 devacc=0.2937420178799489
0..................
Epoch 138 trainacc=0.7298677187282432 devacc=0.2950191570881226
0..................
Epoch 139 trainacc=0.7248781619865398 devacc=0.3052362707535121
0..................
Epoch 140 trainacc=0.7418194476676723 devacc=0.30268199233716475
0..................
Epoch 141 trainacc=0.7413553028544906 devacc=0.28735632183908044
0..................
Epoch 142 trainacc=0.7370619633325598 devacc=0.29757343550446996
0..................
Epoch 143 trainacc=0.7448363889533535 devacc=0.3218390804597701
0..................
Epoch 144 trainacc=0.7492457646785797 devacc=0.2796934865900383
0..................
Epoch 145 trainacc=0.7459967509863077 devacc=0.2796934865900383
0..................
Epoch 146 trainacc=0.7385704339754003 devacc=0.2950191570881226
0..................
Epoch 147 trainacc=0.7472731492225574 devacc=0.28607918263090676
0..................
Epoch 148 trainacc=0.7585286609422139 devacc=0.29757343550446996
0..................
Epoch 149 trainacc=0.7465769320027849 devacc=0.2950191570881226
0..................
Epoch 150 trainacc=0.7529589231840335 devacc=0.3116219667943806
0..................
Epoch 151 trainacc=0.7589928057553957 devacc=0.2962962962962963
0..................
Epoch 152 trainacc=0.7440241355302855 devacc=0.3001277139208174
0..................
Epoch 153 trainacc=0.7558598282664192 devacc=0.2950191570881226
0..................
Epoch 154 trainacc=0.7589928057553957 devacc=0.30395913154533843
0..................
Epoch 155 trainacc=0.7637502900905082 devacc=0.30268199233716475
0..................
Epoch 156 trainacc=0.7676955210025528 devacc=0.2848020434227331
0..................
Epoch 157 trainacc=0.7725690415409607 devacc=0.280970625798212
0..................
Epoch 158 trainacc=0.7667672313761894 devacc=0.3090676883780332
0..................
Epoch 159 trainacc=0.7543513576235785 devacc=0.2988505747126437
0..................
Epoch 160 trainacc=0.7664191227663031 devacc=0.2937420178799489
0..................
Epoch 161 trainacc=0.7702483174750522 devacc=0.30395913154533843
0..................
Epoch 162 trainacc=0.7705964260849385 devacc=0.28735632183908044
0..................
Epoch 163 trainacc=0.7754699466233465 devacc=0.3065134099616858
0..................
Epoch 164 trainacc=0.7766303086563008 devacc=0.3001277139208174
0..................
Epoch 165 trainacc=0.778022743095846 devacc=0.2937420178799489
0..................
Epoch 166 trainacc=0.7878858203759573 devacc=0.3116219667943806
0..................
Epoch 167 trainacc=0.7852169877001625 devacc=0.2950191570881226
0..................
Epoch 168 trainacc=0.7811557205848224 devacc=0.3090676883780332
0..................
Epoch 169 trainacc=0.7911348340682293 devacc=0.2937420178799489
0..................
Epoch 170 trainacc=0.7815038291947087 devacc=0.3090676883780332
0..................
Epoch 171 trainacc=0.7896263634253887 devacc=0.2988505747126437
0..................
Epoch 172 trainacc=0.7841726618705036 devacc=0.29757343550446996
0..................
Epoch 173 trainacc=0.7736133673706196 devacc=0.3001277139208174
0..................
Epoch 174 trainacc=0.7799953585518682 devacc=0.3052362707535121
0..................
Epoch 175 trainacc=0.7975168252494779 devacc=0.30140485312899107
0..................
Epoch 176 trainacc=0.7917150150847064 devacc=0.3116219667943806
0..................
Epoch 177 trainacc=0.7949640287769785 devacc=0.29118773946360155
0..................
Epoch 178 trainacc=0.7939197029473196 devacc=0.30395913154533843
0..................
Epoch 179 trainacc=0.7965885356231144 devacc=0.28991060025542786
0..................
Epoch 180 trainacc=0.8064516129032258 devacc=0.3001277139208174
0..................
Epoch 181 trainacc=0.8122534230679972 devacc=0.29757343550446996
0..................
Epoch 182 trainacc=0.8074959387328846 devacc=0.2988505747126437
0..................
Epoch 183 trainacc=0.7982130424692504 devacc=0.29757343550446996
0..................
Epoch 184 trainacc=0.8112090972383383 devacc=0.3001277139208174
0..................
Epoch 185 trainacc=0.8071478301229984 devacc=0.3052362707535121
0..................
Epoch 186 trainacc=0.8127175678811789 devacc=0.2988505747126437
0..................
Epoch 187 trainacc=0.8178231608261778 devacc=0.30779054916985954
0..................
Epoch 188 trainacc=0.8071478301229984 devacc=0.2962962962962963
0..................
Epoch 189 trainacc=0.8230447899744721 devacc=0.3052362707535121
0..................
Epoch 190 trainacc=0.8257136226502669 devacc=0.31417624521072796
0..................
Epoch 191 trainacc=0.8167788349965189 devacc=0.29246487867177523
0..................
Epoch 192 trainacc=0.8171269436064053 devacc=0.3065134099616858
0..................
Epoch 193 trainacc=0.8229287537711766 devacc=0.3103448275862069
0..................
Epoch 194 trainacc=0.8172429798097006 devacc=0.28735632183908044
0..................
Epoch 195 trainacc=0.8281503829194709 devacc=0.3065134099616858
0..................
Epoch 196 trainacc=0.8213042469250406 devacc=0.29118773946360155
0..................
Epoch 197 trainacc=0.8207240659085635 devacc=0.3116219667943806
0..................
Epoch 198 trainacc=0.8316314690183337 devacc=0.3243933588761175
0..................
Epoch 199 trainacc=0.83604084474356 devacc=0.30140485312899107
0..................
Epoch 200 trainacc=0.8330239034578789 devacc=0.3243933588761175
0..................
Epoch 201 trainacc=0.8245532606173126 devacc=0.2886334610472541
0..................
Epoch 202 trainacc=0.8252494778370851 devacc=0.29246487867177523
0..................
Epoch 203 trainacc=0.8388257136226502 devacc=0.3001277139208174
0..................
Epoch 204 trainacc=0.8353446275237875 devacc=0.31800766283524906
0..................
Epoch 205 trainacc=0.8389417498259457 devacc=0.30395913154533843
0..................
Epoch 206 trainacc=0.8361568809468555 devacc=0.28735632183908044
0..................
Epoch 207 trainacc=0.8381294964028777 devacc=0.28735632183908044
0..................
Epoch 208 trainacc=0.8348804827106057 devacc=0.28607918263090676
0..................
Epoch 209 trainacc=0.8418426549083314 devacc=0.3116219667943806
0..................
Epoch 210 trainacc=0.8347644465073103 devacc=0.3001277139208174
0..................
Epoch 211 trainacc=0.8259456950568578 devacc=0.3065134099616858
0..................
Epoch 212 trainacc=0.8370851705732189 devacc=0.30395913154533843
0..................
Epoch 213 trainacc=0.8388257136226502 devacc=0.3103448275862069
0..................
Epoch 214 trainacc=0.8448595961940125 devacc=0.31545338441890164
0..................
Epoch 215 trainacc=0.8478765374796937 devacc=0.2962962962962963
0..................
Epoch 216 trainacc=0.8527500580181017 devacc=0.29757343550446996
0..................
Epoch 217 trainacc=0.8548387096774194 devacc=0.3128991060025543
0..................
Epoch 218 trainacc=0.8561151079136691 devacc=0.3205619412515964
0..................
Epoch 219 trainacc=0.8577396147598051 devacc=0.29118773946360155
0..................
Epoch 220 trainacc=0.8496170805291251 devacc=0.28991060025542786
0..................
Epoch 221 trainacc=0.854490601067533 devacc=0.3282247765006386
0..................
Epoch 222 trainacc=0.8605244836388953 devacc=0.3052362707535121
0..................
Epoch 223 trainacc=0.8607565560454862 devacc=0.32567049808429116
0..................
Epoch 224 trainacc=0.8600603388257136 devacc=0.3167305236270754
0..................
Epoch 225 trainacc=0.8648178231608262 devacc=0.3090676883780332
0..................
Epoch 226 trainacc=0.8517057321884428 devacc=0.31417624521072796
0..................
Epoch 227 trainacc=0.8585518681828731 devacc=0.2937420178799489
0..................
Epoch 228 trainacc=0.8575075423532142 devacc=0.3065134099616858
0..................
Epoch 229 trainacc=0.8642376421443491 devacc=0.30268199233716475
0..................
Epoch 230 trainacc=0.8573915061499188 devacc=0.31928480204342274
0..................
Epoch 231 trainacc=0.8467161754467394 devacc=0.31800766283524906
0..................
Epoch 232 trainacc=0.8497331167324205 devacc=0.2988505747126437
0..................
Epoch 233 trainacc=0.8564632165235554 devacc=0.30395913154533843
0..................
Epoch 234 trainacc=0.8629612439080994 devacc=0.3128991060025543
0..................
Epoch 235 trainacc=0.877233696913437 devacc=0.31800766283524906
0..................
Epoch 236 trainacc=0.8672545834300301 devacc=0.31545338441890164
0..................
Epoch 237 trainacc=0.8680668368530982 devacc=0.29757343550446996
0..................
Epoch 238 trainacc=0.8737526108145741 devacc=0.31800766283524906
0..................
Epoch 239 trainacc=0.8754931538640056 devacc=0.2988505747126437
0..................
Epoch 240 trainacc=0.8736365746112787 devacc=0.3090676883780332
0..................
Epoch 241 trainacc=0.8768855883035507 devacc=0.3090676883780332
0..................
Epoch 242 trainacc=0.8770016245068462 devacc=0.2962962962962963
0..................
Epoch 243 trainacc=0.8749129728475284 devacc=0.3167305236270754
0..................
Epoch 244 trainacc=0.873984683221165 devacc=0.3103448275862069
0..................
Epoch 245 trainacc=0.878045950336505 devacc=0.3167305236270754
0..................
Epoch 246 trainacc=0.8851241587375261 devacc=0.3116219667943806
0..................
Epoch 247 trainacc=0.8859364121605942 devacc=0.3052362707535121
0..................
Epoch 248 trainacc=0.8860524483638895 devacc=0.31545338441890164
0..................
Epoch 249 trainacc=0.8850081225342307 devacc=0.3090676883780332
0..................
Epoch 250 trainacc=0.8800185657925272 devacc=0.3052362707535121
0..................
Epoch 251 trainacc=0.8819911812485496 devacc=0.3090676883780332
0..................
Epoch 252 trainacc=0.8854722673474124 devacc=0.30395913154533843
0..................
Epoch 253 trainacc=0.8814110002320724 devacc=0.30395913154533843
0..................
Epoch 254 trainacc=0.878858203759573 devacc=0.3103448275862069
0..................
Epoch 255 trainacc=0.8793223485727547 devacc=0.29246487867177523
0..................
Epoch 256 trainacc=0.8851241587375261 devacc=0.29757343550446996
0..................
Epoch 257 trainacc=0.8750290090508238 devacc=0.31417624521072796
0..................
Epoch 258 trainacc=0.8714318867486656 devacc=0.3090676883780332
0..................
Epoch 259 trainacc=0.8669064748201439 devacc=0.31417624521072796
0..................
Epoch 260 trainacc=0.8794383847760501 devacc=0.29246487867177523
0..................
Epoch 261 trainacc=0.8848920863309353 devacc=0.3052362707535121
0..................
Epoch 262 trainacc=0.8887212810396844 devacc=0.30268199233716475
0..................
Epoch 263 trainacc=0.8942910187978649 devacc=0.3128991060025543
0..................
Epoch 264 trainacc=0.8981202135066141 devacc=0.2988505747126437
0..................
Epoch 265 trainacc=0.8924344395451381 devacc=0.31545338441890164
0..................
Epoch 266 trainacc=0.8990485031329775 devacc=0.28607918263090676
0..................
Epoch 267 trainacc=0.8982362497099095 devacc=0.30140485312899107
0..................
Epoch 268 trainacc=0.8935948015780923 devacc=0.29757343550446996
0..................
Epoch 269 trainacc=0.8904618240891158 devacc=0.30268199233716475
0..................
Epoch 270 trainacc=0.900789046182409 devacc=0.30140485312899107
0..................
Epoch 271 trainacc=0.8991645393362729 devacc=0.2950191570881226
0..................
Epoch 272 trainacc=0.9040380598746809 devacc=0.2950191570881226
0..................
Epoch 273 trainacc=0.9016012996054769 devacc=0.30779054916985954
0..................
Epoch 274 trainacc=0.8949872360176375 devacc=0.3065134099616858
0..................
Epoch 275 trainacc=0.8908099326990021 devacc=0.3001277139208174
0..................
Epoch 276 trainacc=0.8982362497099095 devacc=0.3116219667943806
0..................
Epoch 277 trainacc=0.8998607565560455 devacc=0.3090676883780332
0..................
Epoch 278 trainacc=0.9033418426549084 devacc=0.3167305236270754
0..................
Epoch 279 trainacc=0.9087955442097935 devacc=0.28991060025542786
0..................
Epoch 280 trainacc=0.9011371547922952 devacc=0.28735632183908044
0..................
Epoch 281 trainacc=0.9049663495010444 devacc=0.28991060025542786
0..................
Epoch 282 trainacc=0.90380598746809 devacc=0.29246487867177523
0..................
Epoch 283 trainacc=0.9041540960779764 devacc=0.29246487867177523
0..................
Epoch 284 trainacc=0.9079832907867255 devacc=0.30268199233716475
0..................
Epoch 285 trainacc=0.899976792759341 devacc=0.3052362707535121
0..................
Epoch 286 trainacc=0.9105360872592249 devacc=0.3090676883780332
0..................
Epoch 287 trainacc=0.9165699698305871 devacc=0.30395913154533843
0..................
Epoch 288 trainacc=0.9107681596658157 devacc=0.31417624521072796
0..................
Epoch 289 trainacc=0.918426549083314 devacc=0.29246487867177523
0..................
Epoch 290 trainacc=0.9129728475284289 devacc=0.30140485312899107
0..................
Epoch 291 trainacc=0.9079832907867255 devacc=0.31545338441890164
0..................
Epoch 292 trainacc=0.9028776978417267 devacc=0.2962962962962963
0..................
Epoch 293 trainacc=0.9110002320724065 devacc=0.2937420178799489
0..................
Epoch 294 trainacc=0.9105360872592249 devacc=0.30395913154533843
0..................
Epoch 295 trainacc=0.9169180784404735 devacc=0.3065134099616858
0..................
Epoch 296 trainacc=0.9139011371547923 devacc=0.2988505747126437
0..................
Epoch 297 trainacc=0.914365281967974 devacc=0.3001277139208174
0..................
Epoch 298 trainacc=0.9191227663030865 devacc=0.3090676883780332
0..................
Epoch 299 trainacc=0.9216755627755859 devacc=0.2886334610472541
0..................
Epoch 300 trainacc=0.9161058250174055 devacc=0.2937420178799489
0..................
Epoch 301 trainacc=0.9164539336272917 devacc=0.3218390804597701
0..................
Epoch 302 trainacc=0.9154096077976328 devacc=0.30268199233716475
0..................
Epoch 303 trainacc=0.9174982594569505 devacc=0.30395913154533843
0..................
Epoch 304 trainacc=0.9244604316546763 devacc=0.3001277139208174
0..................
Epoch 305 trainacc=0.9237642144349036 devacc=0.2988505747126437
0..................
Epoch 306 trainacc=0.9238802506381991 devacc=0.3052362707535121
0..................
Epoch 307 trainacc=0.911116268275702 devacc=0.3001277139208174
0..................
Epoch 308 trainacc=0.917614295660246 devacc=0.2962962962962963
0..................
Epoch 309 trainacc=0.9223717799953586 devacc=0.2962962962962963
0..................
Epoch 310 trainacc=0.9140171733580877 devacc=0.3052362707535121
0..................
Epoch 311 trainacc=0.9223717799953586 devacc=0.2848020434227331
0..................
Epoch 312 trainacc=0.9210953817591089 devacc=0.30395913154533843
0..................
Epoch 313 trainacc=0.9206312369459271 devacc=0.28991060025542786
0..................
Epoch 314 trainacc=0.9171501508470643 devacc=0.2950191570881226
0..................
Epoch 315 trainacc=0.9129728475284289 devacc=0.30268199233716475
0..................
Epoch 316 trainacc=0.9147133905778603 devacc=0.28735632183908044
0..................
Epoch 317 trainacc=0.919238802506382 devacc=0.28735632183908044
0..................
Epoch 318 trainacc=0.9215595265722906 devacc=0.30395913154533843
0..................
Epoch 319 trainacc=0.9212114179624042 devacc=0.31417624521072796
0..................
Epoch 320 trainacc=0.9227198886052448 devacc=0.30268199233716475
0..................
Epoch 321 trainacc=0.9238802506381991 devacc=0.2937420178799489
0..................
Epoch 322 trainacc=0.9275934091436528 devacc=0.2950191570881226
0..................
Epoch 323 trainacc=0.9224878161986539 devacc=0.29246487867177523
0..................
Epoch 324 trainacc=0.9258528660942213 devacc=0.3116219667943806
0..................
Epoch 325 trainacc=0.9068229287537711 devacc=0.2835249042145594
0..................
Epoch 326 trainacc=0.8962636342538872 devacc=0.2784163473818646
0..................
Epoch 327 trainacc=0.910304014852634 devacc=0.3065134099616858
0..................
Epoch 328 trainacc=0.9291018797864934 devacc=0.3090676883780332
0..................
Epoch 329 trainacc=0.9219076351821769 devacc=0.2835249042145594
0..................
Epoch 330 trainacc=0.9183105128800185 devacc=0.29246487867177523
0..................
Epoch 331 trainacc=0.9227198886052448 devacc=0.29118773946360155
0..................
Epoch 332 trainacc=0.9268971919238802 devacc=0.28991060025542786
0..................
Epoch 333 trainacc=0.9165699698305871 devacc=0.2886334610472541
0..................
Epoch 334 trainacc=0.923300069621722 devacc=0.28991060025542786
0..................
Epoch 335 trainacc=0.9163378974239963 devacc=0.2937420178799489
0..................
Epoch 336 trainacc=0.9277094453469482 devacc=0.2962962962962963
0..................
Epoch 337 trainacc=0.9300301694128568 devacc=0.28607918263090676
0..................
Epoch 338 trainacc=0.9343235089347877 devacc=0.3001277139208174
0..................
Epoch 339 trainacc=0.9311905314458111 devacc=0.3052362707535121
0..................
Epoch 340 trainacc=0.908679508006498 devacc=0.3052362707535121
0..................
Epoch 341 trainacc=0.900789046182409 devacc=0.30395913154533843
0..................
Epoch 342 trainacc=0.9154096077976328 devacc=0.30140485312899107
0..................
Epoch 343 trainacc=0.9152935715943374 devacc=0.2848020434227331
0..................
Epoch 344 trainacc=0.91598978881411 devacc=0.29118773946360155
0..................
Epoch 345 trainacc=0.9323508934787654 devacc=0.29118773946360155
0..................
Epoch 346 trainacc=0.9366442330006962 devacc=0.3001277139208174
0..................
Epoch 347 trainacc=0.9368763054072871 devacc=0.3052362707535121
0..................
Epoch 348 trainacc=0.9398932466929683 devacc=0.2848020434227331
0..................
Epoch 349 trainacc=0.9398932466929683 devacc=0.29246487867177523
0..................
Epoch 350 trainacc=0.9434903689951265 devacc=0.29757343550446996
0..................
Epoch 351 trainacc=0.9444186586214899 devacc=0.3103448275862069
0..................
Epoch 352 trainacc=0.9453469482478534 devacc=0.2937420178799489
0..................
Epoch 353 trainacc=0.9432582965885357 devacc=0.28991060025542786
0..................
Epoch 354 trainacc=0.9424460431654677 devacc=0.30140485312899107
0..................
Epoch 355 trainacc=0.9405894639127408 devacc=0.30140485312899107
0..................
Epoch 356 trainacc=0.9412856811325133 devacc=0.28991060025542786
0..................
Epoch 357 trainacc=0.9381527036435368 devacc=0.2886334610472541
0..................
Epoch 358 trainacc=0.9332791831051288 devacc=0.2822477650063857
0..................
Epoch 359 trainacc=0.9190067300997912 devacc=0.2962962962962963
0..................
Epoch 360 trainacc=0.9284056625667209 devacc=0.3065134099616858
0..................
Epoch 361 trainacc=0.9375725226270596 devacc=0.28735632183908044
0..................
Epoch 362 trainacc=0.9407055001160362 devacc=0.28607918263090676
0..................
Epoch 363 trainacc=0.944186586214899 devacc=0.2886334610472541
0..................
Epoch 364 trainacc=0.9388489208633094 devacc=0.3001277139208174
0..................
Epoch 365 trainacc=0.9294499883963797 devacc=0.28991060025542786
0..................
Epoch 366 trainacc=0.9350197261545602 devacc=0.2886334610472541
0..................
Epoch 367 trainacc=0.9386168484567184 devacc=0.3001277139208174
0..................
Epoch 368 trainacc=0.9369923416105825 devacc=0.30140485312899107
0..................
Epoch 369 trainacc=0.9097238338361568 devacc=0.2962962962962963
0..................
Epoch 370 trainacc=0.9256207936876305 devacc=0.2988505747126437
0..................
Epoch 371 trainacc=0.9414017173358088 devacc=0.30268199233716475
0..................
Epoch 372 trainacc=0.9420979345555813 devacc=0.3001277139208174
0..................
Epoch 373 trainacc=0.9438384776050127 devacc=0.2950191570881226
0..................
Epoch 374 trainacc=0.9185425852866094 devacc=0.2988505747126437
0..................
Epoch 375 trainacc=0.9268971919238802 devacc=0.28607918263090676
0..................
Epoch 376 trainacc=0.9316546762589928 devacc=0.2937420178799489
0..................
Epoch 377 trainacc=0.9320027848688791 devacc=0.2796934865900383
0..................
Epoch 378 trainacc=0.9444186586214899 devacc=0.29757343550446996
0..................
Epoch 379 trainacc=0.9393130656764911 devacc=0.28991060025542786
0..................
Epoch 380 trainacc=0.9358319795776282 devacc=0.29246487867177523
0..................
Epoch 381 trainacc=0.9378045950336505 devacc=0.28991060025542786
0..................
Epoch 382 trainacc=0.9307263866326294 devacc=0.28735632183908044
0..................
Epoch 383 trainacc=0.9408215363193316 devacc=0.30395913154533843
0..................
Epoch 384 trainacc=0.9429101879786493 devacc=0.280970625798212
0..................
Epoch 385 trainacc=0.9467393826873984 devacc=0.2848020434227331
0..................
Epoch 386 trainacc=0.9480157809236481 devacc=0.2886334610472541
0..................
Epoch 387 trainacc=0.9520770480389882 devacc=0.2835249042145594
0..................
Epoch 388 trainacc=0.9512647946159202 devacc=0.2988505747126437
0..................
Epoch 389 trainacc=0.952309120445579 devacc=0.29118773946360155
0..................
Epoch 390 trainacc=0.953121373868647 devacc=0.30395913154533843
0..................
Epoch 391 trainacc=0.9510327222093293 devacc=0.2848020434227331
0..................
Epoch 392 trainacc=0.951496867022511 devacc=0.28991060025542786
0..................
Epoch 393 trainacc=0.942562079368763 devacc=0.3001277139208174
0..................
Epoch 394 trainacc=0.9485959619401253 devacc=0.29757343550446996
0..................
Epoch 395 trainacc=0.9484799257368299 devacc=0.2962962962962963
0..................
Epoch 396 trainacc=0.9549779531213739 devacc=0.2886334610472541
0..................
Epoch 397 trainacc=0.956370387560919 devacc=0.2950191570881226
0..................
Epoch 398 trainacc=0.9574147133905778 devacc=0.2886334610472541
0..................
Epoch 399 trainacc=0.9527732652587607 devacc=0.28607918263090676
0..................
Epoch 400 trainacc=0.955558134137851 devacc=0.29118773946360155
0..................
Epoch 401 trainacc=0.9546298445114876 devacc=0.2784163473818646
0..................
Epoch 402 trainacc=0.9542817359016013 devacc=0.26947637292464877
0..................
Epoch 403 trainacc=0.9547458807147831 devacc=0.27458492975734355
0..................
Epoch 404 trainacc=0.950684613599443 devacc=0.2937420178799489
0..................
Epoch 405 trainacc=0.9527732652587607 devacc=0.28607918263090676
0..................
Epoch 406 trainacc=0.9532374100719424 devacc=0.29118773946360155
0..................
Epoch 407 trainacc=0.9533534462752379 devacc=0.2796934865900383
0..................
Epoch 408 trainacc=0.9528893014620562 devacc=0.28735632183908044
0..................
Epoch 409 trainacc=0.9497563239730796 devacc=0.280970625798212
0..................
Epoch 410 trainacc=0.9426781155720585 devacc=0.29118773946360155
0..................
Epoch 411 trainacc=0.9403573915061499 devacc=0.29118773946360155
0..................
Epoch 412 trainacc=0.9488280343467161 devacc=0.2962962962962963
0..................
Epoch 413 trainacc=0.9517289394291019 devacc=0.30268199233716475
0..................
Epoch 414 trainacc=0.9478997447203528 devacc=0.28607918263090676
0..................
Epoch 415 trainacc=0.9451148758412625 devacc=0.27586206896551724
0..................
Epoch 416 trainacc=0.9512647946159202 devacc=0.2796934865900383
0..................
Epoch 417 trainacc=0.9161058250174055 devacc=0.3090676883780332
0..................
Epoch 418 trainacc=0.9061267115339986 devacc=0.27330779054916987
0..................
Epoch 419 trainacc=0.8612207008586679 devacc=0.2950191570881226
0..................
Epoch 420 trainacc=0.9258528660942213 devacc=0.2988505747126437
0..................
Epoch 421 trainacc=0.9238802506381991 devacc=0.2962962962962963
0..................
Epoch 422 trainacc=0.9358319795776282 devacc=0.2796934865900383
0..................
Epoch 423 trainacc=0.9474355999071711 devacc=0.2848020434227331
0..................
Epoch 424 trainacc=0.9521930842422835 devacc=0.3052362707535121
0..................
Epoch 425 trainacc=0.9546298445114876 devacc=0.29118773946360155
0..................
Epoch 426 trainacc=0.9562543513576236 devacc=0.30779054916985954
0..................
Epoch 427 trainacc=0.9504525411928522 devacc=0.3065134099616858
0..................
Epoch 428 trainacc=0.9458110930610351 devacc=0.29118773946360155
0..................
Epoch 429 trainacc=0.9480157809236481 devacc=0.29757343550446996
0..................
Epoch 430 trainacc=0.9556741703411464 devacc=0.2707535121328225
0..................
Epoch 431 trainacc=0.960431654676259 devacc=0.2848020434227331
0..................
Epoch 432 trainacc=0.958807147830123 devacc=0.2822477650063857
0..................
Epoch 433 trainacc=0.958807147830123 devacc=0.2962962962962963
0..................
Epoch 434 trainacc=0.9599675098630773 devacc=0.280970625798212
0..................
Epoch 435 trainacc=0.9548619169180784 devacc=0.27330779054916987
0..................
Epoch 436 trainacc=0.961243908099327 devacc=0.2886334610472541
0..................
Epoch 437 trainacc=0.9605476908795544 devacc=0.27458492975734355
0..................
Epoch 438 trainacc=0.9598514736597819 devacc=0.29757343550446996
0..................
Epoch 439 trainacc=0.959619401253191 devacc=0.2822477650063857
0..................
Epoch 440 trainacc=0.962056161522395 devacc=0.26309067688378035
0..................
Epoch 441 trainacc=0.962056161522395 devacc=0.2962962962962963
0..................
Epoch 442 trainacc=0.963680668368531 devacc=0.28991060025542786
0..................
Epoch 443 trainacc=0.9640287769784173 devacc=0.27458492975734355
0..................
Epoch 444 trainacc=0.9629844511487584 devacc=0.2886334610472541
0..................
Epoch 445 trainacc=0.9619401253190996 devacc=0.2835249042145594
0..................
Epoch 446 trainacc=0.963680668368531 devacc=0.28735632183908044
0..................
Epoch 447 trainacc=0.9628684149454629 devacc=0.29118773946360155
0..................
Epoch 448 trainacc=0.9633325597586447 devacc=0.2771392081736909
0..................
Epoch 449 trainacc=0.9608957994894407 devacc=0.28991060025542786
0..................
Epoch 450 trainacc=0.9624042701322812 devacc=0.2784163473818646
0..................
Epoch 451 trainacc=0.9578788582037596 devacc=0.28991060025542786
0..................
Epoch 452 trainacc=0.9568345323741008 devacc=0.2771392081736909
0..................
Epoch 453 trainacc=0.9542817359016013 devacc=0.2950191570881226
0..................
Epoch 454 trainacc=0.9530053376653516 devacc=0.28735632183908044
0..................
Epoch 455 trainacc=0.9524251566488744 devacc=0.30140485312899107
0..................
Epoch 456 trainacc=0.9566024599675098 devacc=0.2886334610472541
0..................
Epoch 457 trainacc=0.9577628220004641 devacc=0.2848020434227331
0..................
Epoch 458 trainacc=0.93223485727547 devacc=0.2669220945083014
0..................
Epoch 459 trainacc=0.9295660245996751 devacc=0.28735632183908044
0..................
Epoch 460 trainacc=0.8992805755395683 devacc=0.27586206896551724
0..................
Epoch 461 trainacc=0.8809468554188907 devacc=0.3103448275862069
0..................
Epoch 462 trainacc=0.9206312369459271 devacc=0.2848020434227331
0..................
Epoch 463 trainacc=0.9385008122534231 devacc=0.2669220945083014
0..................
Epoch 464 trainacc=0.9476676723137619 devacc=0.2796934865900383
0..................
Epoch 465 trainacc=0.9520770480389882 devacc=0.30140485312899107
0..................
Epoch 466 trainacc=0.959619401253191 devacc=0.2988505747126437
0..................
Epoch 467 trainacc=0.9634485959619401 devacc=0.2822477650063857
0..................
Epoch 468 trainacc=0.9629844511487584 devacc=0.29246487867177523
0..................
Epoch 469 trainacc=0.9655372476212578 devacc=0.28991060025542786
0..................
Epoch 470 trainacc=0.9666976096542121 devacc=0.2886334610472541
0..................
Epoch 471 trainacc=0.9634485959619401 devacc=0.2937420178799489
0..................
Epoch 472 trainacc=0.9646089579948944 devacc=0.2835249042145594
0..................
Epoch 473 trainacc=0.9647249941981898 devacc=0.2822477650063857
0..................
Epoch 474 trainacc=0.9639127407751218 devacc=0.29757343550446996
0..................
Epoch 475 trainacc=0.9655372476212578 devacc=0.28607918263090676
0..................
Epoch 476 trainacc=0.9651891390113716 devacc=0.280970625798212
0..................
Epoch 477 trainacc=0.9663495010443258 devacc=0.2988505747126437
0..................
Epoch 478 trainacc=0.9665815734509167 devacc=0.2962962962962963
0..................
Epoch 479 trainacc=0.9664655372476213 devacc=0.2950191570881226
0..................
Epoch 480 trainacc=0.9678579716871664 devacc=0.2771392081736909
0..................
Epoch 481 trainacc=0.9666976096542121 devacc=0.2848020434227331
0..................
Epoch 482 trainacc=0.9614759805059179 devacc=0.2848020434227331
0..................
Epoch 483 trainacc=0.9650731028080761 devacc=0.280970625798212
0..................
Epoch 484 trainacc=0.9538175910884196 devacc=0.2796934865900383
0..................
Epoch 485 trainacc=0.9537015548851242 devacc=0.2950191570881226
0..................
Epoch 486 trainacc=0.9600835460663727 devacc=0.2988505747126437
0..................
Epoch 487 trainacc=0.9619401253190996 devacc=0.2835249042145594
0..................
Epoch 488 trainacc=0.9619401253190996 devacc=0.2835249042145594
0..................
Epoch 489 trainacc=0.966929682060803 devacc=0.2848020434227331
0..................
Epoch 490 trainacc=0.9686702251102344 devacc=0.29118773946360155
0..................
Epoch 491 trainacc=0.9672777906706893 devacc=0.2937420178799489
0..................
Epoch 492 trainacc=0.9655372476212578 devacc=0.2796934865900383
0..................
Epoch 493 trainacc=0.9606637270828499 devacc=0.2822477650063857
0..................
Epoch 494 trainacc=0.9472035275005802 devacc=0.28607918263090676
0..................
Epoch 495 trainacc=0.9403573915061499 devacc=0.2937420178799489
0..................
Epoch 496 trainacc=0.9365281967974007 devacc=0.2835249042145594
0..................
Epoch 497 trainacc=0.9426781155720585 devacc=0.2656449553001277
0..................
Epoch 498 trainacc=0.9474355999071711 devacc=0.3065134099616858
0..................
Epoch 499 trainacc=0.9547458807147831 devacc=0.29246487867177523
Finished Training
0.229
