True
Processing albert
Processing canon_12_5
Processing chen
Processing daniel
Processing haobin_11_22
Processing isa_12_5
Processing janet
Processing joanne
Processing jq_12_6
Processing kelly_11_7
Processing kevin_11_7
Processing ruocheng
Processing russell_11_20_stand
Processing russell_11_7
Processing russell_random_12_7
Processing solomon
Processing wenzhou_12_5
Processing yiheng_11_30
Processing yiheng_12_5
Processing yongxu_11_30
Processing zhaoye
Splitting out test set
Splitting out dev and train set
(8320, 100, 3) (1040, 100, 3) (1041, 100, 3) (8320,) (1040,) (1041,)
8320 100 3
0.................
Epoch 0 trainacc=0.03653846153846154 devacc=0.0375
0.................
Epoch 1 trainacc=0.03653846153846154 devacc=0.0375
0.................
Epoch 2 trainacc=0.03653846153846154 devacc=0.0375
0.................
Epoch 3 trainacc=0.04927884615384615 devacc=0.046153846153846156
0.................
Epoch 4 trainacc=0.047475961538461536 devacc=0.04230769230769231
0.................
Epoch 5 trainacc=0.04879807692307692 devacc=0.04519230769230769
0.................
Epoch 6 trainacc=0.05733173076923077 devacc=0.05576923076923077
0.................
Epoch 7 trainacc=0.05961538461538462 devacc=0.05384615384615385
0.................
Epoch 8 trainacc=0.06502403846153847 devacc=0.06153846153846154
0.................
Epoch 9 trainacc=0.07620192307692308 devacc=0.0625
0.................
Epoch 10 trainacc=0.08822115384615385 devacc=0.06634615384615385
0.................
Epoch 11 trainacc=0.09230769230769231 devacc=0.07019230769230769
0.................
Epoch 12 trainacc=0.10012019230769231 devacc=0.08269230769230769
0.................
Epoch 13 trainacc=0.11875 devacc=0.09519230769230769
0.................
Epoch 14 trainacc=0.12728365384615384 devacc=0.11634615384615385
0.................
Epoch 15 trainacc=0.13822115384615385 devacc=0.11923076923076924
0.................
Epoch 16 trainacc=0.14447115384615383 devacc=0.12884615384615383
0.................
Epoch 17 trainacc=0.16129807692307693 devacc=0.14134615384615384
0.................
Epoch 18 trainacc=0.16983173076923078 devacc=0.15576923076923077
0.................
Epoch 19 trainacc=0.18822115384615384 devacc=0.17307692307692307
0.................
Epoch 20 trainacc=0.20973557692307693 devacc=0.18076923076923077
0.................
Epoch 21 trainacc=0.2201923076923077 devacc=0.18942307692307692
0.................
Epoch 22 trainacc=0.22908653846153845 devacc=0.20384615384615384
0.................
Epoch 23 trainacc=0.23197115384615385 devacc=0.20192307692307693
0.................
Epoch 24 trainacc=0.23305288461538462 devacc=0.2076923076923077
0.................
Epoch 25 trainacc=0.2620192307692308 devacc=0.22115384615384615
0.................
Epoch 26 trainacc=0.2686298076923077 devacc=0.225
0.................
Epoch 27 trainacc=0.2782451923076923 devacc=0.2423076923076923
0.................
Epoch 28 trainacc=0.28197115384615384 devacc=0.24807692307692308
0.................
Epoch 29 trainacc=0.30060096153846155 devacc=0.2653846153846154
0.................
Epoch 30 trainacc=0.2902644230769231 devacc=0.27115384615384613
0.................
Epoch 31 trainacc=0.3074519230769231 devacc=0.2846153846153846
0.................
Epoch 32 trainacc=0.31802884615384613 devacc=0.2903846153846154
0.................
Epoch 33 trainacc=0.3266826923076923 devacc=0.2846153846153846
0.................
Epoch 34 trainacc=0.3293269230769231 devacc=0.30480769230769234
0.................
Epoch 35 trainacc=0.3340144230769231 devacc=0.31634615384615383
0.................
Epoch 36 trainacc=0.33557692307692305 devacc=0.2980769230769231
0.................
Epoch 37 trainacc=0.35096153846153844 devacc=0.3192307692307692
0.................
Epoch 38 trainacc=0.3578125 devacc=0.31153846153846154
0.................
Epoch 39 trainacc=0.3643028846153846 devacc=0.3298076923076923
0.................
Epoch 40 trainacc=0.3669471153846154 devacc=0.32211538461538464
0.................
Epoch 41 trainacc=0.38040865384615385 devacc=0.3326923076923077
0.................
Epoch 42 trainacc=0.37463942307692305 devacc=0.3346153846153846
0.................
Epoch 43 trainacc=0.3765625 devacc=0.3403846153846154
0.................
Epoch 44 trainacc=0.3814903846153846 devacc=0.32884615384615384
0.................
Epoch 45 trainacc=0.39050480769230766 devacc=0.35192307692307695
0.................
Epoch 46 trainacc=0.3923076923076923 devacc=0.3490384615384615
0.................
Epoch 47 trainacc=0.40805288461538464 devacc=0.3576923076923077
0.................
Epoch 48 trainacc=0.3933894230769231 devacc=0.35096153846153844
0.................
Epoch 49 trainacc=0.4037259615384615 devacc=0.3528846153846154
0.................
Epoch 50 trainacc=0.41177884615384613 devacc=0.3625
0.................
Epoch 51 trainacc=0.4189903846153846 devacc=0.37403846153846154
0.................
Epoch 52 trainacc=0.43040865384615384 devacc=0.37403846153846154
0.................
Epoch 53 trainacc=0.43004807692307695 devacc=0.38461538461538464
0.................
Epoch 54 trainacc=0.4402644230769231 devacc=0.3875
0.................
Epoch 55 trainacc=0.4349759615384615 devacc=0.37596153846153846
0.................
Epoch 56 trainacc=0.4469951923076923 devacc=0.3855769230769231
0.................
Epoch 57 trainacc=0.4480769230769231 devacc=0.37884615384615383
0.................
Epoch 58 trainacc=0.45324519230769234 devacc=0.39326923076923076
0.................
Epoch 59 trainacc=0.45408653846153846 devacc=0.4028846153846154
0.................
Epoch 60 trainacc=0.4453125 devacc=0.3730769230769231
0.................
Epoch 61 trainacc=0.46971153846153846 devacc=0.3951923076923077
0.................
Epoch 62 trainacc=0.4704326923076923 devacc=0.39903846153846156
0.................
Epoch 63 trainacc=0.4859375 devacc=0.425
0.................
Epoch 64 trainacc=0.48088942307692306 devacc=0.41634615384615387
0.................
Epoch 65 trainacc=0.4816105769230769 devacc=0.40865384615384615
0.................
Epoch 66 trainacc=0.49158653846153844 devacc=0.4115384615384615
0.................
Epoch 67 trainacc=0.48497596153846156 devacc=0.4230769230769231
0.................
Epoch 68 trainacc=0.4796875 devacc=0.4221153846153846
0.................
Epoch 69 trainacc=0.4989182692307692 devacc=0.4221153846153846
0.................
Epoch 70 trainacc=0.5120192307692307 devacc=0.4375
0.................
Epoch 71 trainacc=0.5063701923076923 devacc=0.4355769230769231
0.................
Epoch 72 trainacc=0.5070913461538461 devacc=0.42596153846153845
0.................
Epoch 73 trainacc=0.5186298076923077 devacc=0.42403846153846153
0.................
Epoch 74 trainacc=0.5174278846153846 devacc=0.43653846153846154
0.................
Epoch 75 trainacc=0.5260817307692308 devacc=0.44326923076923075
0.................
Epoch 76 trainacc=0.5282451923076923 devacc=0.43653846153846154
0.................
Epoch 77 trainacc=0.5260817307692308 devacc=0.44326923076923075
0.................
Epoch 78 trainacc=0.5338942307692308 devacc=0.44711538461538464
0.................
Epoch 79 trainacc=0.5393028846153847 devacc=0.4548076923076923
0.................
Epoch 80 trainacc=0.5313701923076923 devacc=0.4442307692307692
0.................
Epoch 81 trainacc=0.5282451923076923 devacc=0.43846153846153846
0.................
Epoch 82 trainacc=0.5421875 devacc=0.45
0.................
Epoch 83 trainacc=0.5439903846153846 devacc=0.44711538461538464
0.................
Epoch 84 trainacc=0.5548076923076923 devacc=0.4625
0.................
Epoch 85 trainacc=0.5600961538461539 devacc=0.4596153846153846
0.................
Epoch 86 trainacc=0.5527644230769231 devacc=0.45576923076923076
0.................
Epoch 87 trainacc=0.5668269230769231 devacc=0.4596153846153846
0.................
Epoch 88 trainacc=0.5611778846153846 devacc=0.4625
0.................
Epoch 89 trainacc=0.5758413461538462 devacc=0.4634615384615385
0.................
Epoch 90 trainacc=0.5599759615384615 devacc=0.4596153846153846
0.................
Epoch 91 trainacc=0.5743990384615385 devacc=0.4625
0.................
Epoch 92 trainacc=0.5782451923076923 devacc=0.4673076923076923
0.................
Epoch 93 trainacc=0.5816105769230769 devacc=0.46153846153846156
0.................
Epoch 94 trainacc=0.5727163461538461 devacc=0.46442307692307694
0.................
Epoch 95 trainacc=0.5823317307692307 devacc=0.475
0.................
Epoch 96 trainacc=0.5890625 devacc=0.475
0.................
Epoch 97 trainacc=0.5921875 devacc=0.46826923076923077
0.................
Epoch 98 trainacc=0.5829326923076923 devacc=0.46923076923076923
0.................
Epoch 99 trainacc=0.5961538461538461 devacc=0.4701923076923077
0.................
Epoch 100 trainacc=0.6013221153846153 devacc=0.48173076923076924
0.................
Epoch 101 trainacc=0.6078125 devacc=0.47596153846153844
0.................
Epoch 102 trainacc=0.6091346153846153 devacc=0.4798076923076923
0.................
Epoch 103 trainacc=0.6167067307692308 devacc=0.47884615384615387
0.................
Epoch 104 trainacc=0.6147836538461539 devacc=0.4875
0.................
Epoch 105 trainacc=0.5984375 devacc=0.4778846153846154
0.................
Epoch 106 trainacc=0.6115384615384616 devacc=0.4826923076923077
0.................
Epoch 107 trainacc=0.6191105769230769 devacc=0.475
0.................
Epoch 108 trainacc=0.6170673076923077 devacc=0.48846153846153845
0.................
Epoch 109 trainacc=0.6201923076923077 devacc=0.4932692307692308
0.................
Epoch 110 trainacc=0.630048076923077 devacc=0.4913461538461538
0.................
Epoch 111 trainacc=0.6359375 devacc=0.49038461538461536
0.................
Epoch 112 trainacc=0.6274038461538461 devacc=0.4951923076923077
0.................
Epoch 113 trainacc=0.63125 devacc=0.4971153846153846
0.................
Epoch 114 trainacc=0.6272836538461538 devacc=0.49230769230769234
0.................
Epoch 115 trainacc=0.637860576923077 devacc=0.5038461538461538
0.................
Epoch 116 trainacc=0.6400240384615384 devacc=0.4971153846153846
0.................
Epoch 117 trainacc=0.6350961538461538 devacc=0.4913461538461538
0.................
Epoch 118 trainacc=0.6401442307692308 devacc=0.4913461538461538
0.................
Epoch 119 trainacc=0.6344951923076924 devacc=0.5048076923076923
0.................
Epoch 120 trainacc=0.6459134615384615 devacc=0.5086538461538461
0.................
Epoch 121 trainacc=0.6543269230769231 devacc=0.4980769230769231
0.................
Epoch 122 trainacc=0.653485576923077 devacc=0.5019230769230769
0.................
Epoch 123 trainacc=0.6564903846153847 devacc=0.4951923076923077
0.................
Epoch 124 trainacc=0.6526442307692307 devacc=0.5048076923076923
0.................
Epoch 125 trainacc=0.6548076923076923 devacc=0.5019230769230769
0.................
Epoch 126 trainacc=0.6569711538461539 devacc=0.5
0.................
Epoch 127 trainacc=0.6489182692307692 devacc=0.5076923076923077
0.................
Epoch 128 trainacc=0.6421875 devacc=0.48846153846153845
0.................
Epoch 129 trainacc=0.6599759615384615 devacc=0.49903846153846154
0.................
Epoch 130 trainacc=0.675 devacc=0.5221153846153846
0.................
Epoch 131 trainacc=0.6574519230769231 devacc=0.5076923076923077
0.................
Epoch 132 trainacc=0.6566105769230769 devacc=0.4913461538461538
0.................
Epoch 133 trainacc=0.6699519230769231 devacc=0.5134615384615384
0.................
Epoch 134 trainacc=0.6794471153846153 devacc=0.5115384615384615
0.................
Epoch 135 trainacc=0.6866586538461539 devacc=0.5230769230769231
0.................
Epoch 136 trainacc=0.6877403846153847 devacc=0.5298076923076923
0.................
Epoch 137 trainacc=0.6828125 devacc=0.5240384615384616
0.................
Epoch 138 trainacc=0.6873798076923077 devacc=0.5192307692307693
0.................
Epoch 139 trainacc=0.6786057692307692 devacc=0.5278846153846154
0.................
Epoch 140 trainacc=0.6653846153846154 devacc=0.5182692307692308
0.................
Epoch 141 trainacc=0.6667067307692308 devacc=0.5038461538461538
0.................
Epoch 142 trainacc=0.6908653846153846 devacc=0.5163461538461539
0.................
Epoch 143 trainacc=0.6981971153846154 devacc=0.5259615384615385
0.................
Epoch 144 trainacc=0.6963942307692308 devacc=0.5278846153846154
0.................
Epoch 145 trainacc=0.6997596153846154 devacc=0.525
0.................
Epoch 146 trainacc=0.6917067307692307 devacc=0.5153846153846153
0.................
Epoch 147 trainacc=0.6778846153846154 devacc=0.5221153846153846
0.................
Epoch 148 trainacc=0.6733173076923077 devacc=0.5096153846153846
0.................
Epoch 149 trainacc=0.7020432692307692 devacc=0.5355769230769231
0.................
Epoch 150 trainacc=0.7086538461538462 devacc=0.5336538461538461
0.................
Epoch 151 trainacc=0.7026442307692308 devacc=0.525
0.................
Epoch 152 trainacc=0.7002403846153846 devacc=0.5375
0.................
Epoch 153 trainacc=0.7074519230769231 devacc=0.5201923076923077
0.................
Epoch 154 trainacc=0.7164663461538462 devacc=0.5326923076923077
0.................
Epoch 155 trainacc=0.7191105769230769 devacc=0.5346153846153846
0.................
Epoch 156 trainacc=0.7211538461538461 devacc=0.5326923076923077
0.................
Epoch 157 trainacc=0.713701923076923 devacc=0.551923076923077
0.................
Epoch 158 trainacc=0.7183894230769231 devacc=0.5317307692307692
0.................
Epoch 159 trainacc=0.7229567307692307 devacc=0.5355769230769231
0.................
Epoch 160 trainacc=0.7234375 devacc=0.5403846153846154
0.................
Epoch 161 trainacc=0.7302884615384615 devacc=0.5384615384615384
0.................
Epoch 162 trainacc=0.7207932692307693 devacc=0.5394230769230769
0.................
Epoch 163 trainacc=0.7382211538461538 devacc=0.5451923076923076
0.................
Epoch 164 trainacc=0.7354567307692308 devacc=0.5365384615384615
0.................
Epoch 165 trainacc=0.7362980769230769 devacc=0.5288461538461539
0.................
Epoch 166 trainacc=0.7216346153846154 devacc=0.5278846153846154
0.................
Epoch 167 trainacc=0.7200721153846154 devacc=0.5480769230769231
0.................
Epoch 168 trainacc=0.7326923076923076 devacc=0.5307692307692308
0.................
Epoch 169 trainacc=0.7426682692307692 devacc=0.5384615384615384
0.................
Epoch 170 trainacc=0.7443509615384616 devacc=0.5528846153846154
0.................
Epoch 171 trainacc=0.7396634615384615 devacc=0.5442307692307692
0.................
Epoch 172 trainacc=0.7429086538461539 devacc=0.5365384615384615
0.................
Epoch 173 trainacc=0.7447115384615385 devacc=0.5423076923076923
0.................
Epoch 174 trainacc=0.7522836538461538 devacc=0.5471153846153847
0.................
Epoch 175 trainacc=0.7520432692307693 devacc=0.5403846153846154
0.................
Epoch 176 trainacc=0.7426682692307692 devacc=0.55
0.................
Epoch 177 trainacc=0.7317307692307692 devacc=0.5451923076923076
0.................
Epoch 178 trainacc=0.7427884615384616 devacc=0.5442307692307692
0.................
Epoch 179 trainacc=0.7594951923076924 devacc=0.5528846153846154
0.................
Epoch 180 trainacc=0.7635817307692307 devacc=0.5528846153846154
0.................
Epoch 181 trainacc=0.7667067307692308 devacc=0.5605769230769231
0.................
Epoch 182 trainacc=0.7641826923076923 devacc=0.5490384615384616
0.................
Epoch 183 trainacc=0.7670673076923077 devacc=0.5605769230769231
0.................
Epoch 184 trainacc=0.759375 devacc=0.5615384615384615
0.................
Epoch 185 trainacc=0.7627403846153846 devacc=0.55
0.................
Epoch 186 trainacc=0.7568509615384615 devacc=0.5509615384615385
0.................
Epoch 187 trainacc=0.7627403846153846 devacc=0.5480769230769231
0.................
Epoch 188 trainacc=0.753125 devacc=0.5528846153846154
0.................
Epoch 189 trainacc=0.7731971153846153 devacc=0.551923076923077
0.................
Epoch 190 trainacc=0.7768028846153846 devacc=0.5586538461538462
0.................
Epoch 191 trainacc=0.7780048076923077 devacc=0.5634615384615385
0.................
Epoch 192 trainacc=0.7739182692307692 devacc=0.5653846153846154
0.................
Epoch 193 trainacc=0.7515625 devacc=0.5778846153846153
0.................
Epoch 194 trainacc=0.7771634615384615 devacc=0.5673076923076923
0.................
Epoch 195 trainacc=0.7691105769230769 devacc=0.5692307692307692
0.................
Epoch 196 trainacc=0.76875 devacc=0.5557692307692308
0.................
Epoch 197 trainacc=0.7823317307692308 devacc=0.5538461538461539
0.................
Epoch 198 trainacc=0.7760817307692308 devacc=0.5490384615384616
0.................
Epoch 199 trainacc=0.7810096153846153 devacc=0.5538461538461539
0.................
Epoch 200 trainacc=0.7745192307692308 devacc=0.5528846153846154
0.................
Epoch 201 trainacc=0.7884615384615384 devacc=0.5576923076923077
0.................
Epoch 202 trainacc=0.7895432692307692 devacc=0.5596153846153846
0.................
Epoch 203 trainacc=0.7867788461538462 devacc=0.5653846153846154
0.................
Epoch 204 trainacc=0.7800480769230769 devacc=0.5682692307692307
0.................
Epoch 205 trainacc=0.7896634615384616 devacc=0.5615384615384615
0.................
Epoch 206 trainacc=0.7866586538461539 devacc=0.5615384615384615
0.................
Epoch 207 trainacc=0.7816105769230769 devacc=0.5586538461538462
0.................
Epoch 208 trainacc=0.7938701923076923 devacc=0.5557692307692308
0.................
Epoch 209 trainacc=0.790625 devacc=0.5740384615384615
0.................
Epoch 210 trainacc=0.7977163461538461 devacc=0.5692307692307692
0.................
Epoch 211 trainacc=0.7979567307692308 devacc=0.5682692307692307
0.................
Epoch 212 trainacc=0.8001201923076923 devacc=0.5721153846153846
0.................
Epoch 213 trainacc=0.801923076923077 devacc=0.5663461538461538
0.................
Epoch 214 trainacc=0.7986778846153846 devacc=0.5663461538461538
0.................
Epoch 215 trainacc=0.8138221153846154 devacc=0.5663461538461538
0.................
Epoch 216 trainacc=0.7973557692307692 devacc=0.5625
0.................
Epoch 217 trainacc=0.8050480769230769 devacc=0.5692307692307692
0.................
Epoch 218 trainacc=0.7969951923076923 devacc=0.5759615384615384
0.................
Epoch 219 trainacc=0.8002403846153846 devacc=0.5740384615384615
0.................
Epoch 220 trainacc=0.8118990384615384 devacc=0.5644230769230769
0.................
Epoch 221 trainacc=0.8081730769230769 devacc=0.5615384615384615
0.................
Epoch 222 trainacc=0.8149038461538461 devacc=0.5615384615384615
0.................
Epoch 223 trainacc=0.8098557692307692 devacc=0.5711538461538461
0.................
Epoch 224 trainacc=0.8085336538461538 devacc=0.5692307692307692
0.................
Epoch 225 trainacc=0.8209134615384616 devacc=0.5653846153846154
0.................
Epoch 226 trainacc=0.8236778846153846 devacc=0.5817307692307693
0.................
Epoch 227 trainacc=0.8186298076923076 devacc=0.5625
0.................
Epoch 228 trainacc=0.8222355769230769 devacc=0.5634615384615385
0.................
Epoch 229 trainacc=0.8169471153846154 devacc=0.5663461538461538
0.................
Epoch 230 trainacc=0.8293269230769231 devacc=0.5692307692307692
0.................
Epoch 231 trainacc=0.8183894230769231 devacc=0.5740384615384615
0.................
Epoch 232 trainacc=0.8252403846153846 devacc=0.5721153846153846
0.................
Epoch 233 trainacc=0.8258413461538462 devacc=0.5644230769230769
0.................
Epoch 234 trainacc=0.8265625 devacc=0.5721153846153846
0.................
Epoch 235 trainacc=0.8313701923076923 devacc=0.5625
0.................
Epoch 236 trainacc=0.8246394230769231 devacc=0.5759615384615384
0.................
Epoch 237 trainacc=0.8276442307692308 devacc=0.5740384615384615
0.................
Epoch 238 trainacc=0.8292067307692308 devacc=0.5625
0.................
Epoch 239 trainacc=0.8307692307692308 devacc=0.573076923076923
0.................
Epoch 240 trainacc=0.8209134615384616 devacc=0.5682692307692307
0.................
Epoch 241 trainacc=0.8375 devacc=0.5807692307692308
0.................
Epoch 242 trainacc=0.8341346153846154 devacc=0.5625
0.................
Epoch 243 trainacc=0.8318509615384615 devacc=0.575
0.................
Epoch 244 trainacc=0.8205528846153847 devacc=0.5740384615384615
0.................
Epoch 245 trainacc=0.8296875 devacc=0.5711538461538461
0.................
Epoch 246 trainacc=0.8320913461538462 devacc=0.5663461538461538
0.................
Epoch 247 trainacc=0.8421875 devacc=0.5644230769230769
0.................
Epoch 248 trainacc=0.8272836538461539 devacc=0.5663461538461538
0.................
Epoch 249 trainacc=0.8354567307692308 devacc=0.5701923076923077
0.................
Epoch 250 trainacc=0.8211538461538461 devacc=0.5557692307692308
0.................
Epoch 251 trainacc=0.8419471153846154 devacc=0.5644230769230769
0.................
Epoch 252 trainacc=0.8403846153846154 devacc=0.5701923076923077
0.................
Epoch 253 trainacc=0.8334134615384615 devacc=0.5788461538461539
0.................
Epoch 254 trainacc=0.8418269230769231 devacc=0.573076923076923
0.................
Epoch 255 trainacc=0.84375 devacc=0.5817307692307693
0.................
Epoch 256 trainacc=0.8575721153846154 devacc=0.5807692307692308
0.................
Epoch 257 trainacc=0.8449519230769231 devacc=0.5884615384615385
0.................
Epoch 258 trainacc=0.8532451923076924 devacc=0.5653846153846154
0.................
Epoch 259 trainacc=0.8462740384615385 devacc=0.5673076923076923
0.................
Epoch 260 trainacc=0.8594951923076923 devacc=0.5701923076923077
0.................
Epoch 261 trainacc=0.8568509615384615 devacc=0.5875
0.................
Epoch 262 trainacc=0.8544471153846154 devacc=0.5826923076923077
0.................
Epoch 263 trainacc=0.8581730769230769 devacc=0.5711538461538461
0.................
Epoch 264 trainacc=0.8569711538461539 devacc=0.5740384615384615
0.................
Epoch 265 trainacc=0.8568509615384615 devacc=0.5769230769230769
0.................
Epoch 266 trainacc=0.8582932692307692 devacc=0.5644230769230769
0.................
Epoch 267 trainacc=0.8581730769230769 devacc=0.5798076923076924
0.................
Epoch 268 trainacc=0.8707932692307693 devacc=0.5740384615384615
0.................
Epoch 269 trainacc=0.8617788461538461 devacc=0.5826923076923077
0.................
Epoch 270 trainacc=0.8617788461538461 devacc=0.5625
0.................
Epoch 271 trainacc=0.8683894230769231 devacc=0.5826923076923077
0.................
Epoch 272 trainacc=0.8681490384615385 devacc=0.5663461538461538
0.................
Epoch 273 trainacc=0.8655048076923076 devacc=0.5807692307692308
0.................
Epoch 274 trainacc=0.8764423076923077 devacc=0.5846153846153846
0.................
Epoch 275 trainacc=0.865625 devacc=0.5778846153846153
0.................
Epoch 276 trainacc=0.8639423076923077 devacc=0.5673076923076923
0.................
Epoch 277 trainacc=0.8627403846153846 devacc=0.5778846153846153
0.................
Epoch 278 trainacc=0.8670673076923077 devacc=0.573076923076923
0.................
Epoch 279 trainacc=0.8685096153846154 devacc=0.573076923076923
0.................
Epoch 280 trainacc=0.8609375 devacc=0.5798076923076924
0.................
Epoch 281 trainacc=0.8725961538461539 devacc=0.5759615384615384
0.................
Epoch 282 trainacc=0.8772836538461538 devacc=0.575
0.................
Epoch 283 trainacc=0.85625 devacc=0.573076923076923
0.................
Epoch 284 trainacc=0.8754807692307692 devacc=0.5865384615384616
0.................
Epoch 285 trainacc=0.8838942307692308 devacc=0.573076923076923
0.................
Epoch 286 trainacc=0.8848557692307693 devacc=0.5740384615384615
0.................
Epoch 287 trainacc=0.8790865384615385 devacc=0.575
0.................
Epoch 288 trainacc=0.8788461538461538 devacc=0.5682692307692307
0.................
Epoch 289 trainacc=0.8768028846153846 devacc=0.573076923076923
0.................
Epoch 290 trainacc=0.8762019230769231 devacc=0.5701923076923077
0.................
Epoch 291 trainacc=0.8597355769230769 devacc=0.5798076923076924
0.................
Epoch 292 trainacc=0.8685096153846154 devacc=0.5759615384615384
0.................
Epoch 293 trainacc=0.8685096153846154 devacc=0.5875
0.................
Epoch 294 trainacc=0.8865384615384615 devacc=0.5711538461538461
0.................
Epoch 295 trainacc=0.8881009615384615 devacc=0.5807692307692308
0.................
Epoch 296 trainacc=0.8877403846153846 devacc=0.5855769230769231
0.................
Epoch 297 trainacc=0.8792067307692307 devacc=0.5701923076923077
0.................
Epoch 298 trainacc=0.8842548076923077 devacc=0.573076923076923
0.................
Epoch 299 trainacc=0.8806490384615384 devacc=0.5836538461538462
0.................
Epoch 300 trainacc=0.8885817307692307 devacc=0.5884615384615385
0.................
Epoch 301 trainacc=0.8706730769230769 devacc=0.5778846153846153
0.................
Epoch 302 trainacc=0.8811298076923076 devacc=0.5759615384615384
0.................
Epoch 303 trainacc=0.8873798076923077 devacc=0.5778846153846153
0.................
Epoch 304 trainacc=0.8824519230769231 devacc=0.5653846153846154
0.................
Epoch 305 trainacc=0.8883413461538462 devacc=0.5769230769230769
0.................
Epoch 306 trainacc=0.8939903846153846 devacc=0.5769230769230769
0.................
Epoch 307 trainacc=0.885576923076923 devacc=0.5807692307692308
0.................
Epoch 308 trainacc=0.8830528846153847 devacc=0.5701923076923077
0.................
Epoch 309 trainacc=0.8837740384615385 devacc=0.5759615384615384
0.................
Epoch 310 trainacc=0.8918269230769231 devacc=0.5798076923076924
0.................
Epoch 311 trainacc=0.8903846153846153 devacc=0.5788461538461539
0.................
Epoch 312 trainacc=0.8901442307692308 devacc=0.5846153846153846
0.................
Epoch 313 trainacc=0.8888221153846154 devacc=0.5788461538461539
0.................
Epoch 314 trainacc=0.878125 devacc=0.575
0.................
Epoch 315 trainacc=0.8902644230769231 devacc=0.5836538461538462
0.................
Epoch 316 trainacc=0.8889423076923076 devacc=0.5798076923076924
0.................
Epoch 317 trainacc=0.8786057692307693 devacc=0.5942307692307692
0.................
Epoch 318 trainacc=0.8846153846153846 devacc=0.5682692307692307
0.................
Epoch 319 trainacc=0.8955528846153846 devacc=0.5855769230769231
0.................
Epoch 320 trainacc=0.9007211538461538 devacc=0.5826923076923077
0.................
Epoch 321 trainacc=0.9007211538461538 devacc=0.5903846153846154
0.................
Epoch 322 trainacc=0.8989182692307692 devacc=0.5798076923076924
0.................
Epoch 323 trainacc=0.8978365384615384 devacc=0.5682692307692307
0.................
Epoch 324 trainacc=0.9045673076923076 devacc=0.5798076923076924
0.................
Epoch 325 trainacc=0.8967548076923076 devacc=0.5865384615384616
0.................
Epoch 326 trainacc=0.9036057692307692 devacc=0.5913461538461539
0.................
Epoch 327 trainacc=0.9060096153846153 devacc=0.5836538461538462
0.................
Epoch 328 trainacc=0.9076923076923077 devacc=0.5778846153846153
0.................
Epoch 329 trainacc=0.8955528846153846 devacc=0.5740384615384615
0.................
Epoch 330 trainacc=0.9020432692307693 devacc=0.573076923076923
0.................
Epoch 331 trainacc=0.9097355769230769 devacc=0.5807692307692308
0.................
Epoch 332 trainacc=0.9038461538461539 devacc=0.5932692307692308
0.................
Epoch 333 trainacc=0.9002403846153846 devacc=0.5865384615384616
0.................
Epoch 334 trainacc=0.901201923076923 devacc=0.5798076923076924
0.................
Epoch 335 trainacc=0.9022836538461538 devacc=0.5692307692307692
0.................
Epoch 336 trainacc=0.8992788461538461 devacc=0.5807692307692308
0.................
Epoch 337 trainacc=0.9044471153846154 devacc=0.5826923076923077
0.................
Epoch 338 trainacc=0.8935096153846154 devacc=0.5836538461538462
0.................
Epoch 339 trainacc=0.9094951923076923 devacc=0.5894230769230769
0.................
Epoch 340 trainacc=0.9117788461538462 devacc=0.5875
0.................
Epoch 341 trainacc=0.9111778846153846 devacc=0.5769230769230769
0.................
Epoch 342 trainacc=0.9133413461538461 devacc=0.5951923076923077
0.................
Epoch 343 trainacc=0.9121394230769231 devacc=0.5855769230769231
0.................
Epoch 344 trainacc=0.9102163461538462 devacc=0.5759615384615384
0.................
Epoch 345 trainacc=0.9103365384615385 devacc=0.5740384615384615
0.................
Epoch 346 trainacc=0.9207932692307692 devacc=0.5740384615384615
0.................
Epoch 347 trainacc=0.9209134615384615 devacc=0.5817307692307693
0.................
Epoch 348 trainacc=0.9204326923076923 devacc=0.5807692307692308
0.................
Epoch 349 trainacc=0.9146634615384616 devacc=0.5826923076923077
0.................
Epoch 350 trainacc=0.9043269230769231 devacc=0.5721153846153846
0.................
Epoch 351 trainacc=0.9108173076923077 devacc=0.5788461538461539
0.................
Epoch 352 trainacc=0.9204326923076923 devacc=0.5692307692307692
0.................
Epoch 353 trainacc=0.9199519230769231 devacc=0.5798076923076924
0.................
Epoch 354 trainacc=0.9245192307692308 devacc=0.5884615384615385
0.................
Epoch 355 trainacc=0.9252403846153846 devacc=0.5865384615384616
0.................
Epoch 356 trainacc=0.9209134615384615 devacc=0.5817307692307693
0.................
Epoch 357 trainacc=0.9085336538461538 devacc=0.5884615384615385
0.................
Epoch 358 trainacc=0.9044471153846154 devacc=0.5759615384615384
0.................
Epoch 359 trainacc=0.9180288461538462 devacc=0.5826923076923077
0.................
Epoch 360 trainacc=0.9143028846153847 devacc=0.5692307692307692
0.................
Epoch 361 trainacc=0.9100961538461538 devacc=0.5711538461538461
0.................
Epoch 362 trainacc=0.9161057692307693 devacc=0.5778846153846153
0.................
Epoch 363 trainacc=0.9042067307692307 devacc=0.5788461538461539
0.................
Epoch 364 trainacc=0.9055288461538461 devacc=0.5923076923076923
0.................
Epoch 365 trainacc=0.9068509615384616 devacc=0.5759615384615384
0.................
Epoch 366 trainacc=0.9271634615384615 devacc=0.5951923076923077
0.................
Epoch 367 trainacc=0.9263221153846154 devacc=0.5846153846153846
0.................
Epoch 368 trainacc=0.9307692307692308 devacc=0.5836538461538462
0.................
Epoch 369 trainacc=0.9353365384615384 devacc=0.5865384615384616
0.................
Epoch 370 trainacc=0.9224759615384616 devacc=0.5961538461538461
0.................
Epoch 371 trainacc=0.9268028846153846 devacc=0.5826923076923077
0.................
Epoch 372 trainacc=0.9162259615384616 devacc=0.5740384615384615
0.................
Epoch 373 trainacc=0.9185096153846154 devacc=0.5740384615384615
0.................
Epoch 374 trainacc=0.9155048076923077 devacc=0.5894230769230769
0.................
Epoch 375 trainacc=0.9225961538461539 devacc=0.5682692307692307
0.................
Epoch 376 trainacc=0.9245192307692308 devacc=0.575
0.................
Epoch 377 trainacc=0.9313701923076924 devacc=0.5788461538461539
0.................
Epoch 378 trainacc=0.9316105769230769 devacc=0.5778846153846153
0.................
Epoch 379 trainacc=0.9393028846153846 devacc=0.5798076923076924
0.................
Epoch 380 trainacc=0.9361778846153846 devacc=0.5894230769230769
0.................
Epoch 381 trainacc=0.9301682692307692 devacc=0.5644230769230769
0.................
Epoch 382 trainacc=0.9394230769230769 devacc=0.5798076923076924
0.................
Epoch 383 trainacc=0.9310096153846154 devacc=0.5846153846153846
0.................
Epoch 384 trainacc=0.9373798076923077 devacc=0.5932692307692308
0.................
Epoch 385 trainacc=0.9320913461538461 devacc=0.5923076923076923
0.................
Epoch 386 trainacc=0.9384615384615385 devacc=0.5836538461538462
0.................
Epoch 387 trainacc=0.9430288461538462 devacc=0.5913461538461539
0.................
Epoch 388 trainacc=0.9189903846153846 devacc=0.5855769230769231
0.................
Epoch 389 trainacc=0.9242788461538461 devacc=0.5673076923076923
0.................
Epoch 390 trainacc=0.9263221153846154 devacc=0.5865384615384616
0.................
Epoch 391 trainacc=0.9436298076923076 devacc=0.5894230769230769
0.................
Epoch 392 trainacc=0.9414663461538462 devacc=0.5884615384615385
0.................
Epoch 393 trainacc=0.9349759615384615 devacc=0.5846153846153846
0.................
Epoch 394 trainacc=0.9366586538461539 devacc=0.5865384615384616
0.................
Epoch 395 trainacc=0.94375 devacc=0.573076923076923
0.................
Epoch 396 trainacc=0.940625 devacc=0.5778846153846153
0.................
Epoch 397 trainacc=0.9401442307692308 devacc=0.5961538461538461
0.................
Epoch 398 trainacc=0.9387019230769231 devacc=0.5865384615384616
0.................
Epoch 399 trainacc=0.9376201923076923 devacc=0.5865384615384616
0.................
Epoch 400 trainacc=0.9414663461538462 devacc=0.5875
0.................
Epoch 401 trainacc=0.9378605769230769 devacc=0.5701923076923077
0.................
Epoch 402 trainacc=0.8659855769230769 devacc=0.5759615384615384
0.................
Epoch 403 trainacc=0.8897836538461539 devacc=0.5932692307692308
0.................
Epoch 404 trainacc=0.9049278846153846 devacc=0.5798076923076924
0.................
Epoch 405 trainacc=0.9221153846153847 devacc=0.5913461538461539
0.................
Epoch 406 trainacc=0.9344951923076923 devacc=0.573076923076923
0.................
Epoch 407 trainacc=0.9433894230769231 devacc=0.5894230769230769
0.................
Epoch 408 trainacc=0.9451923076923077 devacc=0.5942307692307692
0.................
Epoch 409 trainacc=0.9418269230769231 devacc=0.5855769230769231
0.................
Epoch 410 trainacc=0.9387019230769231 devacc=0.5836538461538462
0.................
Epoch 411 trainacc=0.9489182692307693 devacc=0.5932692307692308
0.................
Epoch 412 trainacc=0.9457932692307692 devacc=0.5836538461538462
0.................
Epoch 413 trainacc=0.950360576923077 devacc=0.5971153846153846
0.................
Epoch 414 trainacc=0.9496394230769231 devacc=0.5923076923076923
0.................
Epoch 415 trainacc=0.9342548076923077 devacc=0.5836538461538462
0.................
Epoch 416 trainacc=0.9430288461538462 devacc=0.5798076923076924
0.................
Epoch 417 trainacc=0.9475961538461538 devacc=0.5923076923076923
0.................
Epoch 418 trainacc=0.9417067307692307 devacc=0.5846153846153846
0.................
Epoch 419 trainacc=0.9453125 devacc=0.5942307692307692
0.................
Epoch 420 trainacc=0.9405048076923077 devacc=0.5951923076923077
0.................
Epoch 421 trainacc=0.9401442307692308 devacc=0.5884615384615385
0.................
Epoch 422 trainacc=0.9485576923076923 devacc=0.5836538461538462
0.................
Epoch 423 trainacc=0.9509615384615384 devacc=0.5817307692307693
0.................
Epoch 424 trainacc=0.9436298076923076 devacc=0.5923076923076923
0.................
Epoch 425 trainacc=0.9522836538461539 devacc=0.5846153846153846
0.................
Epoch 426 trainacc=0.9543269230769231 devacc=0.5923076923076923
0.................
Epoch 427 trainacc=0.9560096153846154 devacc=0.5903846153846154
0.................
Epoch 428 trainacc=0.9533653846153847 devacc=0.5826923076923077
0.................
Epoch 429 trainacc=0.9485576923076923 devacc=0.5711538461538461
0.................
Epoch 430 trainacc=0.9302884615384616 devacc=0.5846153846153846
0.................
Epoch 431 trainacc=0.9231971153846154 devacc=0.5913461538461539
0.................
Epoch 432 trainacc=0.9288461538461539 devacc=0.5817307692307693
0.................
Epoch 433 trainacc=0.9336538461538462 devacc=0.6038461538461538
0.................
Epoch 434 trainacc=0.9455528846153847 devacc=0.5836538461538462
0.................
Epoch 435 trainacc=0.9449519230769231 devacc=0.5769230769230769
0.................
Epoch 436 trainacc=0.9448317307692308 devacc=0.575
0.................
Epoch 437 trainacc=0.9507211538461539 devacc=0.5932692307692308
0.................
Epoch 438 trainacc=0.9580528846153846 devacc=0.5932692307692308
0.................
Epoch 439 trainacc=0.9604567307692308 devacc=0.5846153846153846
0.................
Epoch 440 trainacc=0.9582932692307692 devacc=0.5865384615384616
0.................
Epoch 441 trainacc=0.9594951923076923 devacc=0.5913461538461539
0.................
Epoch 442 trainacc=0.9588942307692307 devacc=0.5740384615384615
0.................
Epoch 443 trainacc=0.9580528846153846 devacc=0.5913461538461539
0.................
Epoch 444 trainacc=0.9514423076923076 devacc=0.6009615384615384
0.................
Epoch 445 trainacc=0.9551682692307693 devacc=0.5875
0.................
Epoch 446 trainacc=0.9526442307692308 devacc=0.5942307692307692
0.................
Epoch 447 trainacc=0.9526442307692308 devacc=0.5701923076923077
0.................
Epoch 448 trainacc=0.958173076923077 devacc=0.5884615384615385
0.................
Epoch 449 trainacc=0.9606971153846153 devacc=0.5923076923076923
0.................
Epoch 450 trainacc=0.9552884615384616 devacc=0.5932692307692308
0.................
Epoch 451 trainacc=0.9629807692307693 devacc=0.5942307692307692
0.................
Epoch 452 trainacc=0.9539663461538461 devacc=0.5894230769230769
0.................
Epoch 453 trainacc=0.9514423076923076 devacc=0.5894230769230769
0.................
Epoch 454 trainacc=0.9387019230769231 devacc=0.5846153846153846
0.................
Epoch 455 trainacc=0.9371394230769231 devacc=0.5865384615384616
0.................
Epoch 456 trainacc=0.9401442307692308 devacc=0.5798076923076924
0.................
Epoch 457 trainacc=0.9378605769230769 devacc=0.5923076923076923
0.................
Epoch 458 trainacc=0.9331730769230769 devacc=0.5817307692307693
0.................
Epoch 459 trainacc=0.9579326923076923 devacc=0.5846153846153846
0.................
Epoch 460 trainacc=0.9584134615384615 devacc=0.5961538461538461
0.................
Epoch 461 trainacc=0.9671875 devacc=0.5971153846153846
0.................
Epoch 462 trainacc=0.9584134615384615 devacc=0.5817307692307693
0.................
Epoch 463 trainacc=0.9626201923076924 devacc=0.5807692307692308
0.................
Epoch 464 trainacc=0.959375 devacc=0.5817307692307693
0.................
Epoch 465 trainacc=0.9635817307692308 devacc=0.5740384615384615
0.................
Epoch 466 trainacc=0.9580528846153846 devacc=0.5836538461538462
0.................
Epoch 467 trainacc=0.9664663461538462 devacc=0.5855769230769231
0.................
Epoch 468 trainacc=0.9676682692307692 devacc=0.5855769230769231
0.................
Epoch 469 trainacc=0.9680288461538461 devacc=0.5875
0.................
Epoch 470 trainacc=0.9618990384615385 devacc=0.5903846153846154
0.................
Epoch 471 trainacc=0.9623798076923077 devacc=0.6009615384615384
0.................
Epoch 472 trainacc=0.9638221153846154 devacc=0.5913461538461539
0.................
Epoch 473 trainacc=0.9668269230769231 devacc=0.6
0.................
Epoch 474 trainacc=0.96875 devacc=0.5932692307692308
0.................
Epoch 475 trainacc=0.96875 devacc=0.5865384615384616
0.................
Epoch 476 trainacc=0.9561298076923077 devacc=0.5951923076923077
0.................
Epoch 477 trainacc=0.9487980769230769 devacc=0.5788461538461539
0.................
Epoch 478 trainacc=0.9533653846153847 devacc=0.5894230769230769
0.................
Epoch 479 trainacc=0.9215144230769231 devacc=0.5769230769230769
0.................
Epoch 480 trainacc=0.9478365384615385 devacc=0.6096153846153847
0.................
Epoch 481 trainacc=0.9520432692307692 devacc=0.5855769230769231
0.................
Epoch 482 trainacc=0.9554086538461538 devacc=0.6
0.................
Epoch 483 trainacc=0.9584134615384615 devacc=0.5894230769230769
0.................
Epoch 484 trainacc=0.9461538461538461 devacc=0.5932692307692308
0.................
Epoch 485 trainacc=0.9603365384615384 devacc=0.5817307692307693
0.................
Epoch 486 trainacc=0.9709134615384616 devacc=0.5913461538461539
0.................
Epoch 487 trainacc=0.965625 devacc=0.6057692307692307
0.................
Epoch 488 trainacc=0.9697115384615385 devacc=0.5884615384615385
0.................
Epoch 489 trainacc=0.9694711538461539 devacc=0.5826923076923077
0.................
Epoch 490 trainacc=0.9735576923076923 devacc=0.5942307692307692
0.................
Epoch 491 trainacc=0.9706730769230769 devacc=0.5990384615384615
0.................
Epoch 492 trainacc=0.9652644230769231 devacc=0.5846153846153846
0.................
Epoch 493 trainacc=0.9633413461538461 devacc=0.6
0.................
Epoch 494 trainacc=0.9707932692307693 devacc=0.5942307692307692
0.................
Epoch 495 trainacc=0.9585336538461539 devacc=0.5826923076923077
0.................
Epoch 496 trainacc=0.9632211538461538 devacc=0.5942307692307692
0.................
Epoch 497 trainacc=0.9670673076923076 devacc=0.5894230769230769
0.................
Epoch 498 trainacc=0.9618990384615385 devacc=0.5903846153846154
0.................
Epoch 499 trainacc=0.9629807692307693 devacc=0.5942307692307692
Finished Training
0.5936599423631124
